# JRE version: OpenJDK Runtime Environment (11.0.12+7) (build 11.0.12+7-b1504.28-7817840)
# Java VM: OpenJDK 64-Bit Server VM (11.0.12+7-b1504.28-7817840, mixed mode, tiered, compressed oops, g1 gc, windows-amd64)
Heap:
 garbage-first heap   total 283648K, used 140646K [0x0000000080000000, 0x0000000100000000)
  region size 1024K, 4 young (4096K), 4 survivors (4096K)
 Metaspace       used 95122K, capacity 97386K, committed 97656K, reserved 1134592K
  class space    used 12454K, capacity 13314K, committed 13432K, reserved 1048576K
GC Heap History (20 events):
Event: 11.485 GC heap after
{Heap after GC invocations=15 (full 0):
 garbage-first heap   total 155648K, used 55341K [0x0000000080000000, 0x0000000100000000)
  region size 1024K, 5 young (5120K), 5 survivors (5120K)
 Metaspace       used 67764K, capacity 69411K, committed 69752K, reserved 1110016K
  class space    used 8602K, capacity 9221K, committed 9336K, reserved 1048576K
}
Event: 12.338 GC heap before
{Heap before GC invocations=15 (full 0):
 garbage-first heap   total 155648K, used 115757K [0x0000000080000000, 0x0000000100000000)
  region size 1024K, 64 young (65536K), 5 survivors (5120K)
 Metaspace       used 73925K, capacity 75613K, committed 75896K, reserved 1114112K
  class space    used 9613K, capacity 10225K, committed 10360K, reserved 1048576K
}
Event: 12.346 GC heap after
{Heap after GC invocations=16 (full 0):
 garbage-first heap   total 155648K, used 59100K [0x0000000080000000, 0x0000000100000000)
  region size 1024K, 4 young (4096K), 4 survivors (4096K)
 Metaspace       used 73925K, capacity 75613K, committed 75896K, reserved 1114112K
  class space    used 9613K, capacity 10225K, committed 10360K, reserved 1048576K
}
Event: 13.174 GC heap before
{Heap before GC invocations=16 (full 0):
 garbage-first heap   total 155648K, used 119516K [0x0000000080000000, 0x0000000100000000)
  region size 1024K, 63 young (64512K), 4 survivors (4096K)
 Metaspace       used 80206K, capacity 81993K, committed 82168K, reserved 1120256K
  class space    used 10445K, capacity 11134K, committed 11256K, reserved 1048576K
}
Event: 13.182 GC heap after
{Heap after GC invocations=17 (full 0):
 garbage-first heap   total 155648K, used 63092K [0x0000000080000000, 0x0000000100000000)
  region size 1024K, 8 young (8192K), 8 survivors (8192K)
 Metaspace       used 80206K, capacity 81993K, committed 82168K, reserved 1120256K
  class space    used 10445K, capacity 11134K, committed 11256K, reserved 1048576K
}
Event: 14.051 GC heap before
{Heap before GC invocations=17 (full 0):
 garbage-first heap   total 155648K, used 120436K [0x0000000080000000, 0x0000000100000000)
  region size 1024K, 65 young (66560K), 8 survivors (8192K)
 Metaspace       used 84131K, capacity 86311K, committed 86392K, reserved 1124352K
  class space    used 10982K, capacity 11828K, committed 11896K, reserved 1048576K
}
Event: 14.071 GC heap after
{Heap after GC invocations=18 (full 0):
 garbage-first heap   total 155648K, used 68097K [0x0000000080000000, 0x0000000100000000)
  region size 1024K, 9 young (9216K), 9 survivors (9216K)
 Metaspace       used 84131K, capacity 86311K, committed 86392K, reserved 1124352K
  class space    used 10982K, capacity 11828K, committed 11896K, reserved 1048576K
}
Event: 14.689 GC heap before
{Heap before GC invocations=18 (full 0):
 garbage-first heap   total 155648K, used 122369K [0x0000000080000000, 0x0000000100000000)
  region size 1024K, 63 young (64512K), 9 survivors (9216K)
 Metaspace       used 84742K, capacity 86949K, committed 87160K, reserved 1124352K
  class space    used 11031K, capacity 11889K, committed 11896K, reserved 1048576K
}
Event: 14.705 GC heap after
{Heap after GC invocations=19 (full 0):
 garbage-first heap   total 155648K, used 73065K [0x0000000080000000, 0x0000000100000000)
  region size 1024K, 5 young (5120K), 5 survivors (5120K)
 Metaspace       used 84742K, capacity 86949K, committed 87160K, reserved 1124352K
  class space    used 11031K, capacity 11889K, committed 11896K, reserved 1048576K
}
Event: 15.167 GC heap before
{Heap before GC invocations=19 (full 0):
 garbage-first heap   total 155648K, used 124265K [0x0000000080000000, 0x0000000100000000)
  region size 1024K, 56 young (57344K), 5 survivors (5120K)
 Metaspace       used 86233K, capacity 88473K, committed 88696K, reserved 1126400K
  class space    used 11209K, capacity 12055K, committed 12152K, reserved 1048576K
}
Event: 15.178 GC heap after
{Heap after GC invocations=20 (full 0):
 garbage-first heap   total 155648K, used 76130K [0x0000000080000000, 0x0000000100000000)
  region size 1024K, 3 young (3072K), 3 survivors (3072K)
 Metaspace       used 86233K, capacity 88473K, committed 88696K, reserved 1126400K
  class space    used 11209K, capacity 12055K, committed 12152K, reserved 1048576K
}
Event: 15.419 GC heap before
{Heap before GC invocations=20 (full 0):
 garbage-first heap   total 155648K, used 108898K [0x0000000080000000, 0x0000000100000000)
  region size 1024K, 37 young (37888K), 3 survivors (3072K)
 Metaspace       used 87235K, capacity 89570K, committed 89848K, reserved 1126400K
  class space    used 11330K, capacity 12195K, committed 12280K, reserved 1048576K
}
Event: 15.431 GC heap after
{Heap after GC invocations=21 (full 0):
 garbage-first heap   total 187392K, used 77410K [0x0000000080000000, 0x0000000100000000)
  region size 1024K, 5 young (5120K), 5 survivors (5120K)
 Metaspace       used 87235K, capacity 89570K, committed 89848K, reserved 1126400K
  class space    used 11330K, capacity 12195K, committed 12280K, reserved 1048576K
}
Event: 15.925 GC heap before
{Heap before GC invocations=22 (full 0):
 garbage-first heap   total 187392K, used 130658K [0x0000000080000000, 0x0000000100000000)
  region size 1024K, 48 young (49152K), 5 survivors (5120K)
 Metaspace       used 91940K, capacity 94145K, committed 94584K, reserved 1130496K
  class space    used 11902K, capacity 12715K, committed 12920K, reserved 1048576K
}
Event: 15.943 GC heap after
{Heap after GC invocations=23 (full 0):
 garbage-first heap   total 187392K, used 90739K [0x0000000080000000, 0x0000000100000000)
  region size 1024K, 8 young (8192K), 8 survivors (8192K)
 Metaspace       used 91940K, capacity 94145K, committed 94584K, reserved 1130496K
  class space    used 11902K, capacity 12715K, committed 12920K, reserved 1048576K
}
Event: 16.465 GC heap before
{Heap before GC invocations=24 (full 0):
 garbage-first heap   total 187392K, used 145011K [0x0000000080000000, 0x0000000100000000)
  region size 1024K, 55 young (56320K), 8 survivors (8192K)
 Metaspace       used 92657K, capacity 94822K, committed 95480K, reserved 1132544K
  class space    used 11977K, capacity 12793K, committed 13048K, reserved 1048576K
}
Event: 16.535 GC heap after
{Heap after GC invocations=25 (full 0):
 garbage-first heap   total 187392K, used 111069K [0x0000000080000000, 0x0000000100000000)
  region size 1024K, 8 young (8192K), 8 survivors (8192K)
 Metaspace       used 92657K, capacity 94822K, committed 95480K, reserved 1132544K
  class space    used 11977K, capacity 12793K, committed 13048K, reserved 1048576K
}
Event: 16.963 GC heap before
{Heap before GC invocations=26 (full 0):
 garbage-first heap   total 187392K, used 148957K [0x0000000080000000, 0x0000000100000000)
  region size 1024K, 45 young (46080K), 8 survivors (8192K)
 Metaspace       used 95099K, capacity 97386K, committed 97656K, reserved 1134592K
  class space    used 12454K, capacity 13314K, committed 13432K, reserved 1048576K
}
Event: 17.002 GC heap after
{Heap after GC invocations=27 (full 0):
 garbage-first heap   total 187392K, used 127991K [0x0000000080000000, 0x0000000100000000)
  region size 1024K, 6 young (6144K), 6 survivors (6144K)
 Metaspace       used 95099K, capacity 97386K, committed 97656K, reserved 1134592K
  class space    used 12454K, capacity 13314K, committed 13432K, reserved 1048576K
}
Event: 17.109 GC heap before
{Heap before GC invocations=27 (full 0):
 garbage-first heap   total 187392K, used 150519K [0x0000000080000000, 0x0000000100000000)
  region size 1024K, 28 young (28672K), 6 survivors (6144K)
 Metaspace       used 95122K, capacity 97386K, committed 97656K, reserved 1134592K
  class space    used 12454K, capacity 13314K, committed 13432K, reserved 1048576K
}

