# JRE version: OpenJDK Runtime Environment (11.0.12+7) (build 11.0.12+7-b1504.28-7817840)
# Java VM: OpenJDK 64-Bit Server VM (11.0.12+7-b1504.28-7817840, mixed mode, tiered, compressed oops, g1 gc, windows-amd64)
Heap:
 garbage-first heap   total 270336K, used 135640K [0x0000000080000000, 0x0000000100000000)
  region size 1024K, 6 young (6144K), 6 survivors (6144K)
 Metaspace       used 99190K, capacity 102394K, committed 102604K, reserved 1136640K
  class space    used 13254K, capacity 14576K, committed 14592K, reserved 1048576K
GC Heap History (20 events):
Event: 8.993 GC heap after
{Heap after GC invocations=13 (full 0):
 garbage-first heap   total 155648K, used 49842K [0x0000000080000000, 0x0000000100000000)
  region size 1024K, 6 young (6144K), 6 survivors (6144K)
 Metaspace       used 64015K, capacity 65584K, committed 65792K, reserved 1105920K
  class space    used 8103K, capacity 8679K, committed 8704K, reserved 1048576K
}
Event: 9.623 GC heap before
{Heap before GC invocations=13 (full 0):
 garbage-first heap   total 155648K, used 115378K [0x0000000080000000, 0x0000000100000000)
  region size 1024K, 70 young (71680K), 6 survivors (6144K)
 Metaspace       used 66722K, capacity 68397K, committed 68608K, reserved 1107968K
  class space    used 8471K, capacity 9096K, committed 9216K, reserved 1048576K
}
Event: 9.631 GC heap after
{Heap after GC invocations=14 (full 0):
 garbage-first heap   total 187392K, used 54506K [0x0000000080000000, 0x0000000100000000)
  region size 1024K, 5 young (5120K), 5 survivors (5120K)
 Metaspace       used 66722K, capacity 68397K, committed 68608K, reserved 1107968K
  class space    used 8471K, capacity 9096K, committed 9216K, reserved 1048576K
}
Event: 10.905 GC heap before
{Heap before GC invocations=14 (full 0):
 garbage-first heap   total 187392K, used 128234K [0x0000000080000000, 0x0000000100000000)
  region size 1024K, 78 young (79872K), 5 survivors (5120K)
 Metaspace       used 74350K, capacity 76062K, committed 76160K, reserved 1116160K
  class space    used 9686K, capacity 10368K, committed 10368K, reserved 1048576K
}
Event: 10.923 GC heap after
{Heap after GC invocations=15 (full 0):
 garbage-first heap   total 187392K, used 58757K [0x0000000080000000, 0x0000000100000000)
  region size 1024K, 9 young (9216K), 9 survivors (9216K)
 Metaspace       used 74350K, capacity 76062K, committed 76160K, reserved 1116160K
  class space    used 9686K, capacity 10368K, committed 10368K, reserved 1048576K
}
Event: 12.113 GC heap before
{Heap before GC invocations=16 (full 0):
 garbage-first heap   total 187392K, used 134533K [0x0000000080000000, 0x0000000100000000)
  region size 1024K, 84 young (86016K), 9 survivors (9216K)
 Metaspace       used 82663K, capacity 84608K, committed 84684K, reserved 1122304K
  class space    used 10754K, capacity 11473K, committed 11520K, reserved 1048576K
}
Event: 12.145 GC heap after
{Heap after GC invocations=17 (full 0):
 garbage-first heap   total 187392K, used 65509K [0x0000000080000000, 0x0000000100000000)
  region size 1024K, 11 young (11264K), 11 survivors (11264K)
 Metaspace       used 82663K, capacity 84608K, committed 84684K, reserved 1122304K
  class space    used 10754K, capacity 11473K, committed 11520K, reserved 1048576K
}
Event: 13.055 GC heap before
{Heap before GC invocations=18 (full 0):
 garbage-first heap   total 187392K, used 140261K [0x0000000080000000, 0x0000000100000000)
  region size 1024K, 85 young (87040K), 11 survivors (11264K)
 Metaspace       used 84550K, capacity 86756K, committed 86860K, reserved 1124352K
  class space    used 11022K, capacity 11891K, committed 11904K, reserved 1048576K
}
Event: 13.078 GC heap after
{Heap after GC invocations=19 (full 0):
 garbage-first heap   total 187392K, used 71299K [0x0000000080000000, 0x0000000100000000)
  region size 1024K, 6 young (6144K), 6 survivors (6144K)
 Metaspace       used 84550K, capacity 86756K, committed 86860K, reserved 1124352K
  class space    used 11022K, capacity 11891K, committed 11904K, reserved 1048576K
}
Event: 13.595 GC heap before
{Heap before GC invocations=19 (full 0):
 garbage-first heap   total 187392K, used 144003K [0x0000000080000000, 0x0000000100000000)
  region size 1024K, 78 young (79872K), 6 survivors (6144K)
 Metaspace       used 85238K, capacity 87480K, committed 87756K, reserved 1124352K
  class space    used 11069K, capacity 11946K, committed 12032K, reserved 1048576K
}
Event: 13.609 GC heap after
{Heap after GC invocations=20 (full 0):
 garbage-first heap   total 187392K, used 76648K [0x0000000080000000, 0x0000000100000000)
  region size 1024K, 5 young (5120K), 5 survivors (5120K)
 Metaspace       used 85238K, capacity 87480K, committed 87756K, reserved 1124352K
  class space    used 11069K, capacity 11946K, committed 12032K, reserved 1048576K
}
Event: 14.135 GC heap before
{Heap before GC invocations=20 (full 0):
 garbage-first heap   total 187392K, used 129896K [0x0000000080000000, 0x0000000100000000)
  region size 1024K, 46 young (47104K), 5 survivors (5120K)
 Metaspace       used 89464K, capacity 91912K, committed 92236K, reserved 1128448K
  class space    used 11666K, capacity 12599K, committed 12672K, reserved 1048576K
}
Event: 14.151 GC heap after
{Heap after GC invocations=21 (full 0):
 garbage-first heap   total 225280K, used 90999K [0x0000000080000000, 0x0000000100000000)
  region size 1024K, 10 young (10240K), 10 survivors (10240K)
 Metaspace       used 89464K, capacity 91912K, committed 92236K, reserved 1128448K
  class space    used 11666K, capacity 12599K, committed 12672K, reserved 1048576K
}
Event: 14.914 GC heap before
{Heap before GC invocations=22 (full 0):
 garbage-first heap   total 225280K, used 171895K [0x0000000080000000, 0x0000000100000000)
  region size 1024K, 82 young (83968K), 10 survivors (10240K)
 Metaspace       used 95566K, capacity 98438K, committed 98636K, reserved 1134592K
  class space    used 12684K, capacity 13832K, committed 13952K, reserved 1048576K
}
Event: 14.947 GC heap after
{Heap after GC invocations=23 (full 0):
 garbage-first heap   total 225280K, used 113892K [0x0000000080000000, 0x0000000100000000)
  region size 1024K, 11 young (11264K), 11 survivors (11264K)
 Metaspace       used 95566K, capacity 98438K, committed 98636K, reserved 1134592K
  class space    used 12684K, capacity 13832K, committed 13952K, reserved 1048576K
}
Event: 14.974 GC heap before
{Heap before GC invocations=23 (full 0):
 garbage-first heap   total 225280K, used 116964K [0x0000000080000000, 0x0000000100000000)
  region size 1024K, 15 young (15360K), 11 survivors (11264K)
 Metaspace       used 95812K, capacity 98721K, committed 98892K, reserved 1134592K
  class space    used 12711K, capacity 13885K, committed 13952K, reserved 1048576K
}
Event: 15.001 GC heap after
{Heap after GC invocations=24 (full 0):
 garbage-first heap   total 225280K, used 116314K [0x0000000080000000, 0x0000000100000000)
  region size 1024K, 2 young (2048K), 2 survivors (2048K)
 Metaspace       used 95812K, capacity 98721K, committed 98892K, reserved 1134592K
  class space    used 12711K, capacity 13885K, committed 13952K, reserved 1048576K
}
Event: 15.561 GC heap before
{Heap before GC invocations=25 (full 0):
 garbage-first heap   total 225280K, used 156250K [0x0000000080000000, 0x0000000100000000)
  region size 1024K, 41 young (41984K), 2 survivors (2048K)
 Metaspace       used 99013K, capacity 102153K, committed 102348K, reserved 1136640K
  class space    used 13245K, capacity 14560K, committed 14592K, reserved 1048576K
}
Event: 15.578 GC heap after
{Heap after GC invocations=26 (full 0):
 garbage-first heap   total 225280K, used 122325K [0x0000000080000000, 0x0000000100000000)
  region size 1024K, 6 young (6144K), 6 survivors (6144K)
 Metaspace       used 99013K, capacity 102153K, committed 102348K, reserved 1136640K
  class space    used 13245K, capacity 14560K, committed 14592K, reserved 1048576K
}
Event: 15.873 GC heap before
{Heap before GC invocations=26 (full 0):
 garbage-first heap   total 225280K, used 161237K [0x0000000080000000, 0x0000000100000000)
  region size 1024K, 45 young (46080K), 6 survivors (6144K)
 Metaspace       used 99190K, capacity 102394K, committed 102604K, reserved 1136640K
  class space    used 13254K, capacity 14576K, committed 14592K, reserved 1048576K
}

