# JRE version: OpenJDK Runtime Environment (11.0.12+7) (build 11.0.12+7-b1504.28-7817840)
# Java VM: OpenJDK 64-Bit Server VM (11.0.12+7-b1504.28-7817840, mixed mode, tiered, compressed oops, g1 gc, windows-amd64)
Heap:
 garbage-first heap   total 245760K, used 165248K [0x0000000080000000, 0x0000000100000000)
  region size 1024K, 11 young (11264K), 7 survivors (7168K)
 Metaspace       used 98963K, capacity 101658K, committed 102732K, reserved 1138688K
  class space    used 12954K, capacity 14017K, committed 14464K, reserved 1048576K
GC Heap History (20 events):
Event: 12.839 GC heap before
{Heap before GC invocations=16 (full 0):
 garbage-first heap   total 155648K, used 109343K [0x0000000080000000, 0x0000000100000000)
  region size 1024K, 59 young (60416K), 7 survivors (7168K)
 Metaspace       used 75747K, capacity 77517K, committed 77644K, reserved 1116160K
  class space    used 9862K, capacity 10532K, committed 10624K, reserved 1048576K
}
Event: 12.848 GC heap after
{Heap after GC invocations=17 (full 0):
 garbage-first heap   total 155648K, used 59543K [0x0000000080000000, 0x0000000100000000)
  region size 1024K, 7 young (7168K), 7 survivors (7168K)
 Metaspace       used 75747K, capacity 77517K, committed 77644K, reserved 1116160K
  class space    used 9862K, capacity 10532K, committed 10624K, reserved 1048576K
}
Event: 13.583 GC heap before
{Heap before GC invocations=17 (full 0):
 garbage-first heap   total 155648K, used 111767K [0x0000000080000000, 0x0000000100000000)
  region size 1024K, 59 young (60416K), 7 survivors (7168K)
 Metaspace       used 81728K, capacity 83607K, committed 83788K, reserved 1122304K
  class space    used 10585K, capacity 11285K, committed 11392K, reserved 1048576K
}
Event: 13.596 GC heap after
{Heap after GC invocations=18 (full 0):
 garbage-first heap   total 155648K, used 64487K [0x0000000080000000, 0x0000000100000000)
  region size 1024K, 8 young (8192K), 8 survivors (8192K)
 Metaspace       used 81728K, capacity 83607K, committed 83788K, reserved 1122304K
  class space    used 10585K, capacity 11285K, committed 11392K, reserved 1048576K
}
Event: 14.246 GC heap before
{Heap before GC invocations=18 (full 0):
 garbage-first heap   total 155648K, used 115687K [0x0000000080000000, 0x0000000100000000)
  region size 1024K, 59 young (60416K), 8 survivors (8192K)
 Metaspace       used 84125K, capacity 86264K, committed 86604K, reserved 1124352K
  class space    used 10985K, capacity 11812K, committed 11904K, reserved 1048576K
}
Event: 14.262 GC heap after
{Heap after GC invocations=19 (full 0):
 garbage-first heap   total 155648K, used 68750K [0x0000000080000000, 0x0000000100000000)
  region size 1024K, 4 young (4096K), 4 survivors (4096K)
 Metaspace       used 84125K, capacity 86264K, committed 86604K, reserved 1124352K
  class space    used 10985K, capacity 11812K, committed 11904K, reserved 1048576K
}
Event: 14.761 GC heap before
{Heap before GC invocations=19 (full 0):
 garbage-first heap   total 155648K, used 118926K [0x0000000080000000, 0x0000000100000000)
  region size 1024K, 54 young (55296K), 4 survivors (4096K)
 Metaspace       used 84723K, capacity 86997K, committed 87116K, reserved 1124352K
  class space    used 11031K, capacity 11904K, committed 11904K, reserved 1048576K
}
Event: 14.774 GC heap after
{Heap after GC invocations=20 (full 0):
 garbage-first heap   total 155648K, used 72417K [0x0000000080000000, 0x0000000100000000)
  region size 1024K, 7 young (7168K), 7 survivors (7168K)
 Metaspace       used 84723K, capacity 86997K, committed 87116K, reserved 1124352K
  class space    used 11031K, capacity 11904K, committed 11904K, reserved 1048576K
}
Event: 15.224 GC heap before
{Heap before GC invocations=20 (full 0):
 garbage-first heap   total 155648K, used 121569K [0x0000000080000000, 0x0000000100000000)
  region size 1024K, 56 young (57344K), 7 survivors (7168K)
 Metaspace       used 85266K, capacity 87505K, committed 87756K, reserved 1124352K
  class space    used 11068K, capacity 11954K, committed 12032K, reserved 1048576K
}
Event: 15.241 GC heap after
{Heap after GC invocations=21 (full 0):
 garbage-first heap   total 187392K, used 75950K [0x0000000080000000, 0x0000000100000000)
  region size 1024K, 4 young (4096K), 4 survivors (4096K)
 Metaspace       used 85266K, capacity 87505K, committed 87756K, reserved 1124352K
  class space    used 11068K, capacity 11954K, committed 12032K, reserved 1048576K
}
Event: 15.913 GC heap before
{Heap before GC invocations=21 (full 0):
 garbage-first heap   total 187392K, used 132270K [0x0000000080000000, 0x0000000100000000)
  region size 1024K, 50 young (51200K), 4 survivors (4096K)
 Metaspace       used 89134K, capacity 91565K, committed 91596K, reserved 1128448K
  class space    used 11612K, capacity 12533K, committed 12544K, reserved 1048576K
}
Event: 15.926 GC heap after
{Heap after GC invocations=22 (full 0):
 garbage-first heap   total 187392K, used 91655K [0x0000000080000000, 0x0000000100000000)
  region size 1024K, 8 young (8192K), 8 survivors (8192K)
 Metaspace       used 89134K, capacity 91565K, committed 91596K, reserved 1128448K
  class space    used 11612K, capacity 12533K, committed 12544K, reserved 1048576K
}
Event: 16.399 GC heap before
{Heap before GC invocations=23 (full 0):
 garbage-first heap   total 187392K, used 155143K [0x0000000080000000, 0x0000000100000000)
  region size 1024K, 61 young (62464K), 8 survivors (8192K)
 Metaspace       used 93059K, capacity 95691K, committed 95948K, reserved 1132544K
  class space    used 12179K, capacity 13218K, committed 13312K, reserved 1048576K
}
Event: 16.433 GC heap after
{Heap after GC invocations=24 (full 0):
 garbage-first heap   total 187392K, used 109487K [0x0000000080000000, 0x0000000100000000)
  region size 1024K, 8 young (8192K), 8 survivors (8192K)
 Metaspace       used 93059K, capacity 95691K, committed 95948K, reserved 1132544K
  class space    used 12179K, capacity 13218K, committed 13312K, reserved 1048576K
}
Event: 16.622 GC heap before
{Heap before GC invocations=24 (full 0):
 garbage-first heap   total 187392K, used 129967K [0x0000000080000000, 0x0000000100000000)
  region size 1024K, 30 young (30720K), 8 survivors (8192K)
 Metaspace       used 95032K, capacity 97811K, committed 97996K, reserved 1134592K
  class space    used 12586K, capacity 13714K, committed 13824K, reserved 1048576K
}
Event: 16.647 GC heap after
{Heap after GC invocations=25 (full 0):
 garbage-first heap   total 187392K, used 115405K [0x0000000080000000, 0x0000000100000000)
  region size 1024K, 6 young (6144K), 6 survivors (6144K)
 Metaspace       used 95032K, capacity 97811K, committed 97996K, reserved 1134592K
  class space    used 12586K, capacity 13714K, committed 13824K, reserved 1048576K
}
Event: 17.116 GC heap before
{Heap before GC invocations=26 (full 0):
 garbage-first heap   total 187392K, used 148173K [0x0000000080000000, 0x0000000100000000)
  region size 1024K, 38 young (38912K), 6 survivors (6144K)
 Metaspace       used 98319K, capacity 101260K, committed 101324K, reserved 1136640K
  class space    used 13108K, capacity 14330K, committed 14336K, reserved 1048576K
}
Event: 17.141 GC heap after
{Heap after GC invocations=27 (full 0):
 garbage-first heap   total 245760K, used 122462K [0x0000000080000000, 0x0000000100000000)
  region size 1024K, 5 young (5120K), 5 survivors (5120K)
 Metaspace       used 98319K, capacity 101260K, committed 101324K, reserved 1136640K
  class space    used 13108K, capacity 14330K, committed 14336K, reserved 1048576K
}
Event: 17.600 GC heap before
{Heap before GC invocations=27 (full 0):
 garbage-first heap   total 245760K, used 183902K [0x0000000080000000, 0x0000000100000000)
  region size 1024K, 66 young (67584K), 5 survivors (5120K)
 Metaspace       used 99006K, capacity 102073K, committed 102220K, reserved 1136640K
  class space    used 13179K, capacity 14444K, committed 14464K, reserved 1048576K
}
Event: 17.642 GC heap after
{Heap after GC invocations=28 (full 0):
 garbage-first heap   total 245760K, used 146202K [0x0000000080000000, 0x0000000100000000)
  region size 1024K, 9 young (9216K), 9 survivors (9216K)
 Metaspace       used 99006K, capacity 102073K, committed 102220K, reserved 1136640K
  class space    used 13179K, capacity 14444K, committed 14464K, reserved 1048576K
}

