# JRE version: OpenJDK Runtime Environment (11.0.12+7) (build 11.0.12+7-b1504.28-7817840)
# Java VM: OpenJDK 64-Bit Server VM (11.0.12+7-b1504.28-7817840, mixed mode, tiered, compressed oops, g1 gc, windows-amd64)
Heap:
 garbage-first heap   total 484352K, used 195029K [0x0000000080000000, 0x0000000100000000)
  region size 1024K, 3 young (3072K), 3 survivors (3072K)
 Metaspace       used 109813K, capacity 112975K, committed 114048K, reserved 1146880K
  class space    used 14182K, capacity 15377K, committed 16000K, reserved 1048576K
GC Heap History (20 events):
Event: 19.627 GC heap after
{Heap after GC invocations=29 (full 0):
 garbage-first heap   total 188416K, used 130138K [0x0000000080000000, 0x0000000100000000)
  region size 1024K, 5 young (5120K), 5 survivors (5120K)
 Metaspace       used 106938K, capacity 110218K, committed 110592K, reserved 1144832K
  class space    used 14164K, capacity 15509K, committed 15616K, reserved 1048576K
}
Event: 19.800 GC heap before
{Heap before GC invocations=29 (full 0):
 garbage-first heap   total 188416K, used 155738K [0x0000000080000000, 0x0000000100000000)
  region size 1024K, 30 young (30720K), 5 survivors (5120K)
 Metaspace       used 108384K, capacity 111798K, committed 112128K, reserved 1144832K
  class space    used 14375K, capacity 15781K, committed 15872K, reserved 1048576K
}
Event: 19.814 GC heap after
{Heap after GC invocations=30 (full 0):
 garbage-first heap   total 188416K, used 131284K [0x0000000080000000, 0x0000000100000000)
  region size 1024K, 3 young (3072K), 3 survivors (3072K)
 Metaspace       used 108384K, capacity 111798K, committed 112128K, reserved 1144832K
  class space    used 14375K, capacity 15781K, committed 15872K, reserved 1048576K
}
Event: 19.997 GC heap before
{Heap before GC invocations=30 (full 0):
 garbage-first heap   total 188416K, used 155860K [0x0000000080000000, 0x0000000100000000)
  region size 1024K, 28 young (28672K), 3 survivors (3072K)
 Metaspace       used 108766K, capacity 112248K, committed 112384K, reserved 1146880K
  class space    used 14404K, capacity 15802K, committed 15872K, reserved 1048576K
}
Event: 20.011 GC heap after
{Heap after GC invocations=31 (full 0):
 garbage-first heap   total 237568K, used 139049K [0x0000000080000000, 0x0000000100000000)
  region size 1024K, 4 young (4096K), 4 survivors (4096K)
 Metaspace       used 108766K, capacity 112248K, committed 112384K, reserved 1146880K
  class space    used 14404K, capacity 15802K, committed 15872K, reserved 1048576K
}
Event: 20.414 GC heap before
{Heap before GC invocations=32 (full 0):
 garbage-first heap   total 237568K, used 180009K [0x0000000080000000, 0x0000000100000000)
  region size 1024K, 45 young (46080K), 4 survivors (4096K)
 Metaspace       used 108294K, capacity 111206K, committed 112640K, reserved 1146880K
  class space    used 14104K, capacity 15251K, committed 15872K, reserved 1048576K
}
Event: 20.436 GC heap after
{Heap after GC invocations=33 (full 0):
 garbage-first heap   total 237568K, used 155254K [0x0000000080000000, 0x0000000100000000)
  region size 1024K, 6 young (6144K), 6 survivors (6144K)
 Metaspace       used 108294K, capacity 111206K, committed 112640K, reserved 1146880K
  class space    used 14104K, capacity 15251K, committed 15872K, reserved 1048576K
}
Event: 20.579 GC heap before
{Heap before GC invocations=33 (full 0):
 garbage-first heap   total 237568K, used 185974K [0x0000000080000000, 0x0000000100000000)
  region size 1024K, 37 young (37888K), 6 survivors (6144K)
 Metaspace       used 108358K, capacity 111348K, committed 112896K, reserved 1146880K
  class space    used 14104K, capacity 15252K, committed 15872K, reserved 1048576K
}
Event: 20.604 GC heap after
{Heap after GC invocations=34 (full 0):
 garbage-first heap   total 237568K, used 170792K [0x0000000080000000, 0x0000000100000000)
  region size 1024K, 5 young (5120K), 5 survivors (5120K)
 Metaspace       used 108358K, capacity 111348K, committed 112896K, reserved 1146880K
  class space    used 14104K, capacity 15252K, committed 15872K, reserved 1048576K
}
Event: 20.826 GC heap before
{Heap before GC invocations=34 (full 0):
 garbage-first heap   total 237568K, used 191272K [0x0000000080000000, 0x0000000100000000)
  region size 1024K, 26 young (26624K), 5 survivors (5120K)
 Metaspace       used 108626K, capacity 111591K, committed 113152K, reserved 1146880K
  class space    used 14120K, capacity 15265K, committed 15872K, reserved 1048576K
}
Event: 20.840 GC heap after
{Heap after GC invocations=35 (full 0):
 garbage-first heap   total 237568K, used 177152K [0x0000000080000000, 0x0000000100000000)
  region size 1024K, 4 young (4096K), 4 survivors (4096K)
 Metaspace       used 108626K, capacity 111591K, committed 113152K, reserved 1146880K
  class space    used 14120K, capacity 15265K, committed 15872K, reserved 1048576K
}
Event: 21.063 GC heap before
{Heap before GC invocations=35 (full 0):
 garbage-first heap   total 237568K, used 194560K [0x0000000080000000, 0x0000000100000000)
  region size 1024K, 22 young (22528K), 4 survivors (4096K)
 Metaspace       used 108848K, capacity 111727K, committed 113152K, reserved 1146880K
  class space    used 14103K, capacity 15236K, committed 15872K, reserved 1048576K
}
Event: 21.082 GC heap after
{Heap after GC invocations=36 (full 0):
 garbage-first heap   total 324608K, used 181248K [0x0000000080000000, 0x0000000100000000)
  region size 1024K, 3 young (3072K), 3 survivors (3072K)
 Metaspace       used 108848K, capacity 111727K, committed 113152K, reserved 1146880K
  class space    used 14103K, capacity 15236K, committed 15872K, reserved 1048576K
}
Event: 21.558 GC heap before
{Heap before GC invocations=37 (full 0):
 garbage-first heap   total 324608K, used 236544K [0x0000000080000000, 0x0000000100000000)
  region size 1024K, 57 young (58368K), 3 survivors (3072K)
 Metaspace       used 109651K, capacity 112777K, committed 114048K, reserved 1146880K
  class space    used 14186K, capacity 15386K, committed 16000K, reserved 1048576K
}
Event: 21.579 GC heap after
{Heap after GC invocations=38 (full 0):
 garbage-first heap   total 324608K, used 187899K [0x0000000080000000, 0x0000000100000000)
  region size 1024K, 8 young (8192K), 8 survivors (8192K)
 Metaspace       used 109651K, capacity 112777K, committed 114048K, reserved 1146880K
  class space    used 14186K, capacity 15386K, committed 16000K, reserved 1048576K
}
Event: 21.611 GC heap before
{Heap before GC invocations=38 (full 0):
 garbage-first heap   total 324608K, used 194043K [0x0000000080000000, 0x0000000100000000)
  region size 1024K, 15 young (15360K), 8 survivors (8192K)
 Metaspace       used 109666K, capacity 112845K, committed 114048K, reserved 1146880K
  class space    used 14186K, capacity 15386K, committed 16000K, reserved 1048576K
}
Event: 21.627 GC heap after
{Heap after GC invocations=39 (full 0):
 garbage-first heap   total 324608K, used 187100K [0x0000000080000000, 0x0000000100000000)
  region size 1024K, 2 young (2048K), 2 survivors (2048K)
 Metaspace       used 109666K, capacity 112845K, committed 114048K, reserved 1146880K
  class space    used 14186K, capacity 15386K, committed 16000K, reserved 1048576K
}
Event: 21.904 GC heap before
{Heap before GC invocations=39 (full 0):
 garbage-first heap   total 324608K, used 223964K [0x0000000080000000, 0x0000000100000000)
  region size 1024K, 40 young (40960K), 2 survivors (2048K)
 Metaspace       used 109801K, capacity 113001K, committed 114048K, reserved 1146880K
  class space    used 14190K, capacity 15392K, committed 16000K, reserved 1048576K
}
Event: 21.918 GC heap after
{Heap after GC invocations=40 (full 0):
 garbage-first heap   total 324608K, used 192089K [0x0000000080000000, 0x0000000100000000)
  region size 1024K, 7 young (7168K), 7 survivors (7168K)
 Metaspace       used 109801K, capacity 113001K, committed 114048K, reserved 1146880K
  class space    used 14190K, capacity 15392K, committed 16000K, reserved 1048576K
}
Event: 22.608 GC heap before
{Heap before GC invocations=41 (full 0):
 garbage-first heap   total 324608K, used 251481K [0x0000000080000000, 0x0000000100000000)
  region size 1024K, 58 young (59392K), 7 survivors (7168K)
 Metaspace       used 109813K, capacity 112975K, committed 114048K, reserved 1146880K
  class space    used 14182K, capacity 15377K, committed 16000K, reserved 1048576K
}

