# JRE version: OpenJDK Runtime Environment (11.0.12+7) (build 11.0.12+7-b1504.28-7817840)
# Java VM: OpenJDK 64-Bit Server VM (11.0.12+7-b1504.28-7817840, mixed mode, tiered, compressed oops, g1 gc, windows-amd64)
Heap:
 garbage-first heap   total 287744K, used 155638K [0x0000000080000000, 0x0000000100000000)
  region size 1024K, 2 young (2048K), 2 survivors (2048K)
 Metaspace       used 106865K, capacity 109730K, committed 109836K, reserved 1144832K
  class space    used 13773K, capacity 14865K, committed 14916K, reserved 1048576K
GC Heap History (20 events):
Event: 21.751 GC heap after
{Heap after GC invocations=22 (full 0):
 garbage-first heap   total 187392K, used 80518K [0x0000000080000000, 0x0000000100000000)
  region size 1024K, 5 young (5120K), 5 survivors (5120K)
 Metaspace       used 92669K, capacity 94960K, committed 95096K, reserved 1132544K
  class space    used 12007K, capacity 12879K, committed 12920K, reserved 1048576K
}
Event: 22.833 GC heap before
{Heap before GC invocations=22 (full 0):
 garbage-first heap   total 187392K, used 111238K [0x0000000080000000, 0x0000000100000000)
  region size 1024K, 36 young (36864K), 5 survivors (5120K)
 Metaspace       used 97699K, capacity 100193K, committed 100344K, reserved 1136640K
  class space    used 12711K, capacity 13668K, committed 13816K, reserved 1048576K
}
Event: 22.857 GC heap after
{Heap after GC invocations=23 (full 0):
 garbage-first heap   total 187392K, used 82254K [0x0000000080000000, 0x0000000100000000)
  region size 1024K, 7 young (7168K), 7 survivors (7168K)
 Metaspace       used 97699K, capacity 100193K, committed 100344K, reserved 1136640K
  class space    used 12711K, capacity 13668K, committed 13816K, reserved 1048576K
}
Event: 24.554 GC heap before
{Heap before GC invocations=24 (full 0):
 garbage-first heap   total 187392K, used 141646K [0x0000000080000000, 0x0000000100000000)
  region size 1024K, 66 young (67584K), 7 survivors (7168K)
 Metaspace       used 101559K, capacity 104077K, committed 104332K, reserved 1138688K
  class space    used 13160K, capacity 14134K, committed 14276K, reserved 1048576K
}
Event: 24.571 GC heap after
{Heap after GC invocations=25 (full 0):
 garbage-first heap   total 187392K, used 83018K [0x0000000080000000, 0x0000000100000000)
  region size 1024K, 4 young (4096K), 4 survivors (4096K)
 Metaspace       used 101559K, capacity 104077K, committed 104332K, reserved 1138688K
  class space    used 13160K, capacity 14134K, committed 14276K, reserved 1048576K
}
Event: 25.417 GC heap before
{Heap before GC invocations=26 (full 0):
 garbage-first heap   total 187392K, used 145482K [0x0000000080000000, 0x0000000100000000)
  region size 1024K, 65 young (66560K), 4 survivors (4096K)
 Metaspace       used 102172K, capacity 104694K, committed 104844K, reserved 1140736K
  class space    used 13212K, capacity 14180K, committed 14276K, reserved 1048576K
}
Event: 25.423 GC heap after
{Heap after GC invocations=27 (full 0):
 garbage-first heap   total 187392K, used 82705K [0x0000000080000000, 0x0000000100000000)
  region size 1024K, 3 young (3072K), 3 survivors (3072K)
 Metaspace       used 102172K, capacity 104694K, committed 104844K, reserved 1140736K
  class space    used 13212K, capacity 14180K, committed 14276K, reserved 1048576K
}
Event: 25.941 GC heap before
{Heap before GC invocations=27 (full 0):
 garbage-first heap   total 187392K, used 102161K [0x0000000080000000, 0x0000000100000000)
  region size 1024K, 20 young (20480K), 3 survivors (3072K)
 Metaspace       used 104068K, capacity 106702K, committed 106892K, reserved 1142784K
  class space    used 13445K, capacity 14489K, committed 14532K, reserved 1048576K
}
Event: 25.950 GC heap after
{Heap after GC invocations=28 (full 0):
 garbage-first heap   total 187392K, used 86161K [0x0000000080000000, 0x0000000100000000)
  region size 1024K, 3 young (3072K), 3 survivors (3072K)
 Metaspace       used 104068K, capacity 106702K, committed 106892K, reserved 1142784K
  class space    used 13445K, capacity 14489K, committed 14532K, reserved 1048576K
}
Event: 26.540 GC heap before
{Heap before GC invocations=29 (full 0):
 garbage-first heap   total 187392K, used 155793K [0x0000000080000000, 0x0000000100000000)
  region size 1024K, 58 young (59392K), 3 survivors (3072K)
 Metaspace       used 105196K, capacity 107922K, committed 108044K, reserved 1142784K
  class space    used 13587K, capacity 14642K, committed 14660K, reserved 1048576K
}
Event: 26.609 GC heap after
{Heap after GC invocations=30 (full 0):
 garbage-first heap   total 187392K, used 113468K [0x0000000080000000, 0x0000000100000000)
  region size 1024K, 9 young (9216K), 9 survivors (9216K)
 Metaspace       used 105196K, capacity 107922K, committed 108044K, reserved 1142784K
  class space    used 13587K, capacity 14642K, committed 14660K, reserved 1048576K
}
Event: 26.861 GC heap before
{Heap before GC invocations=30 (full 0):
 garbage-first heap   total 187392K, used 152380K [0x0000000080000000, 0x0000000100000000)
  region size 1024K, 47 young (48128K), 9 survivors (9216K)
 Metaspace       used 105724K, capacity 108360K, committed 108684K, reserved 1142784K
  class space    used 13651K, capacity 14704K, committed 14788K, reserved 1048576K
}
Event: 26.901 GC heap after
{Heap after GC invocations=31 (full 0):
 garbage-first heap   total 230400K, used 132036K [0x0000000080000000, 0x0000000100000000)
  region size 1024K, 6 young (6144K), 6 survivors (6144K)
 Metaspace       used 105724K, capacity 108360K, committed 108684K, reserved 1142784K
  class space    used 13651K, capacity 14704K, committed 14788K, reserved 1048576K
}
Event: 27.087 GC heap before
{Heap before GC invocations=32 (full 0):
 garbage-first heap   total 230400K, used 175044K [0x0000000080000000, 0x0000000100000000)
  region size 1024K, 49 young (50176K), 6 survivors (6144K)
 Metaspace       used 105933K, capacity 108642K, committed 108940K, reserved 1142784K
  class space    used 13669K, capacity 14710K, committed 14788K, reserved 1048576K
}
Event: 27.127 GC heap after
{Heap after GC invocations=33 (full 0):
 garbage-first heap   total 230400K, used 152576K [0x0000000080000000, 0x0000000100000000)
  region size 1024K, 7 young (7168K), 7 survivors (7168K)
 Metaspace       used 105933K, capacity 108642K, committed 108940K, reserved 1142784K
  class space    used 13669K, capacity 14710K, committed 14788K, reserved 1048576K
}
Event: 27.312 GC heap before
{Heap before GC invocations=33 (full 0):
 garbage-first heap   total 230400K, used 181248K [0x0000000080000000, 0x0000000100000000)
  region size 1024K, 36 young (36864K), 7 survivors (7168K)
 Metaspace       used 106382K, capacity 109132K, committed 109324K, reserved 1144832K
  class space    used 13727K, capacity 14805K, committed 14916K, reserved 1048576K
}
Event: 27.333 GC heap after
{Heap after GC invocations=34 (full 0):
 garbage-first heap   total 230400K, used 157942K [0x0000000080000000, 0x0000000100000000)
  region size 1024K, 4 young (4096K), 4 survivors (4096K)
 Metaspace       used 106382K, capacity 109132K, committed 109324K, reserved 1144832K
  class space    used 13727K, capacity 14805K, committed 14916K, reserved 1048576K
}
Event: 27.611 GC heap before
{Heap before GC invocations=34 (full 0):
 garbage-first heap   total 230400K, used 184566K [0x0000000080000000, 0x0000000100000000)
  region size 1024K, 31 young (31744K), 4 survivors (4096K)
 Metaspace       used 106731K, capacity 109568K, committed 109836K, reserved 1144832K
  class space    used 13772K, capacity 14839K, committed 14916K, reserved 1048576K
}
Event: 27.630 GC heap after
{Heap after GC invocations=35 (full 0):
 garbage-first heap   total 230400K, used 159740K [0x0000000080000000, 0x0000000100000000)
  region size 1024K, 3 young (3072K), 3 survivors (3072K)
 Metaspace       used 106731K, capacity 109568K, committed 109836K, reserved 1144832K
  class space    used 13772K, capacity 14839K, committed 14916K, reserved 1048576K
}
Event: 27.936 GC heap before
{Heap before GC invocations=35 (full 0):
 garbage-first heap   total 230400K, used 181244K [0x0000000080000000, 0x0000000100000000)
  region size 1024K, 31 young (31744K), 3 survivors (3072K)
 Metaspace       used 106865K, capacity 109730K, committed 109836K, reserved 1144832K
  class space    used 13773K, capacity 14865K, committed 14916K, reserved 1048576K
}

