# JRE version: OpenJDK Runtime Environment (11.0.12+7) (build 11.0.12+7-b1504.28-7817840)
# Java VM: OpenJDK 64-Bit Server VM (11.0.12+7-b1504.28-7817840, mixed mode, tiered, compressed oops, g1 gc, windows-amd64)
Heap:
 garbage-first heap   total 225280K, used 159694K [0x0000000080000000, 0x0000000100000000)
  region size 1024K, 19 young (19456K), 7 survivors (7168K)
 Metaspace       used 101246K, capacity 103649K, committed 103800K, reserved 1138688K
  class space    used 13175K, capacity 14095K, committed 14200K, reserved 1048576K
GC Heap History (20 events):
Event: 13.955 GC heap before
{Heap before GC invocations=18 (full 0):
 garbage-first heap   total 155648K, used 111900K [0x0000000080000000, 0x0000000100000000)
  region size 1024K, 59 young (60416K), 7 survivors (7168K)
 Metaspace       used 81738K, capacity 83510K, committed 83832K, reserved 1122304K
  class space    used 10587K, capacity 11273K, committed 11384K, reserved 1048576K
}
Event: 13.966 GC heap after
{Heap after GC invocations=19 (full 0):
 garbage-first heap   total 155648K, used 64512K [0x0000000080000000, 0x0000000100000000)
  region size 1024K, 8 young (8192K), 8 survivors (8192K)
 Metaspace       used 81738K, capacity 83510K, committed 83832K, reserved 1122304K
  class space    used 10587K, capacity 11273K, committed 11384K, reserved 1048576K
}
Event: 14.652 GC heap before
{Heap before GC invocations=19 (full 0):
 garbage-first heap   total 155648K, used 115712K [0x0000000080000000, 0x0000000100000000)
  region size 1024K, 59 young (60416K), 8 survivors (8192K)
 Metaspace       used 84118K, capacity 86266K, committed 86392K, reserved 1124352K
  class space    used 10976K, capacity 11788K, committed 11896K, reserved 1048576K
}
Event: 14.666 GC heap after
{Heap after GC invocations=20 (full 0):
 garbage-first heap   total 155648K, used 68301K [0x0000000080000000, 0x0000000100000000)
  region size 1024K, 4 young (4096K), 4 survivors (4096K)
 Metaspace       used 84118K, capacity 86266K, committed 86392K, reserved 1124352K
  class space    used 10976K, capacity 11788K, committed 11896K, reserved 1048576K
}
Event: 15.330 GC heap before
{Heap before GC invocations=20 (full 0):
 garbage-first heap   total 155648K, used 120525K [0x0000000080000000, 0x0000000100000000)
  region size 1024K, 54 young (55296K), 4 survivors (4096K)
 Metaspace       used 85799K, capacity 87964K, committed 88184K, reserved 1126400K
  class space    used 11177K, capacity 12033K, committed 12152K, reserved 1048576K
}
Event: 15.345 GC heap after
{Heap after GC invocations=21 (full 0):
 garbage-first heap   total 187392K, used 82944K [0x0000000080000000, 0x0000000100000000)
  region size 1024K, 7 young (7168K), 7 survivors (7168K)
 Metaspace       used 85799K, capacity 87964K, committed 88184K, reserved 1126400K
  class space    used 11177K, capacity 12033K, committed 12152K, reserved 1048576K
}
Event: 15.628 GC heap before
{Heap before GC invocations=21 (full 0):
 garbage-first heap   total 187392K, used 108544K [0x0000000080000000, 0x0000000100000000)
  region size 1024K, 27 young (27648K), 7 survivors (7168K)
 Metaspace       used 86046K, capacity 88316K, committed 88440K, reserved 1126400K
  class space    used 11194K, capacity 12065K, committed 12152K, reserved 1048576K
}
Event: 15.652 GC heap after
{Heap after GC invocations=22 (full 0):
 garbage-first heap   total 187392K, used 94840K [0x0000000080000000, 0x0000000100000000)
  region size 1024K, 8 young (8192K), 8 survivors (8192K)
 Metaspace       used 86046K, capacity 88316K, committed 88440K, reserved 1126400K
  class space    used 11194K, capacity 12065K, committed 12152K, reserved 1048576K
}
Event: 16.246 GC heap before
{Heap before GC invocations=23 (full 0):
 garbage-first heap   total 187392K, used 136824K [0x0000000080000000, 0x0000000100000000)
  region size 1024K, 42 young (43008K), 8 survivors (8192K)
 Metaspace       used 89048K, capacity 91234K, committed 91512K, reserved 1128448K
  class space    used 11508K, capacity 12353K, committed 12408K, reserved 1048576K
}
Event: 16.263 GC heap after
{Heap after GC invocations=24 (full 0):
 garbage-first heap   total 187392K, used 89463K [0x0000000080000000, 0x0000000100000000)
  region size 1024K, 3 young (3072K), 3 survivors (3072K)
 Metaspace       used 89048K, capacity 91234K, committed 91512K, reserved 1128448K
  class space    used 11508K, capacity 12353K, committed 12408K, reserved 1048576K
}
Event: 16.788 GC heap before
{Heap before GC invocations=24 (full 0):
 garbage-first heap   total 187392K, used 130422K [0x0000000080000000, 0x0000000100000000)
  region size 1024K, 44 young (45056K), 3 survivors (3072K)
 Metaspace       used 89661K, capacity 91926K, committed 92152K, reserved 1128448K
  class space    used 11554K, capacity 12393K, committed 12536K, reserved 1048576K
}
Event: 16.801 GC heap after
{Heap after GC invocations=25 (full 0):
 garbage-first heap   total 187392K, used 91130K [0x0000000080000000, 0x0000000100000000)
  region size 1024K, 5 young (5120K), 5 survivors (5120K)
 Metaspace       used 89661K, capacity 91926K, committed 92152K, reserved 1128448K
  class space    used 11554K, capacity 12393K, committed 12536K, reserved 1048576K
}
Event: 17.199 GC heap before
{Heap before GC invocations=26 (full 0):
 garbage-first heap   total 187392K, used 123523K [0x0000000080000000, 0x0000000100000000)
  region size 1024K, 48 young (49152K), 5 survivors (5120K)
 Metaspace       used 90669K, capacity 92795K, committed 93304K, reserved 1130496K
  class space    used 11626K, capacity 12448K, committed 12664K, reserved 1048576K
}
Event: 17.210 GC heap after
{Heap after GC invocations=27 (full 0):
 garbage-first heap   total 225280K, used 82779K [0x0000000080000000, 0x0000000100000000)
  region size 1024K, 6 young (6144K), 6 survivors (6144K)
 Metaspace       used 90669K, capacity 92795K, committed 93304K, reserved 1130496K
  class space    used 11626K, capacity 12448K, committed 12664K, reserved 1048576K
}
Event: 17.709 GC heap before
{Heap before GC invocations=27 (full 0):
 garbage-first heap   total 225280K, used 168795K [0x0000000080000000, 0x0000000100000000)
  region size 1024K, 72 young (73728K), 6 survivors (6144K)
 Metaspace       used 96447K, capacity 98644K, committed 98936K, reserved 1134592K
  class space    used 12398K, capacity 13247K, committed 13432K, reserved 1048576K
}
Event: 17.721 GC heap after
{Heap after GC invocations=28 (full 0):
 garbage-first heap   total 225280K, used 105184K [0x0000000080000000, 0x0000000100000000)
  region size 1024K, 9 young (9216K), 9 survivors (9216K)
 Metaspace       used 96447K, capacity 98644K, committed 98936K, reserved 1134592K
  class space    used 12398K, capacity 13247K, committed 13432K, reserved 1048576K
}
Event: 18.347 GC heap before
{Heap before GC invocations=28 (full 0):
 garbage-first heap   total 225280K, used 164576K [0x0000000080000000, 0x0000000100000000)
  region size 1024K, 67 young (68608K), 9 survivors (9216K)
 Metaspace       used 99327K, capacity 101703K, committed 102008K, reserved 1136640K
  class space    used 12936K, capacity 13838K, committed 13944K, reserved 1048576K
}
Event: 18.393 GC heap after
{Heap after GC invocations=29 (full 0):
 garbage-first heap   total 225280K, used 126601K [0x0000000080000000, 0x0000000100000000)
  region size 1024K, 9 young (9216K), 9 survivors (9216K)
 Metaspace       used 99327K, capacity 101703K, committed 102008K, reserved 1136640K
  class space    used 12936K, capacity 13838K, committed 13944K, reserved 1048576K
}
Event: 18.648 GC heap before
{Heap before GC invocations=29 (full 0):
 garbage-first heap   total 225280K, used 170633K [0x0000000080000000, 0x0000000100000000)
  region size 1024K, 52 young (53248K), 9 survivors (9216K)
 Metaspace       used 99527K, capacity 101912K, committed 102264K, reserved 1138688K
  class space    used 12939K, capacity 13838K, committed 13944K, reserved 1048576K
}
Event: 18.704 GC heap after
{Heap after GC invocations=30 (full 0):
 garbage-first heap   total 225280K, used 149454K [0x0000000080000000, 0x0000000100000000)
  region size 1024K, 7 young (7168K), 7 survivors (7168K)
 Metaspace       used 99527K, capacity 101912K, committed 102264K, reserved 1138688K
  class space    used 12939K, capacity 13838K, committed 13944K, reserved 1048576K
}

