# JRE version: OpenJDK Runtime Environment (11.0.12+7) (build 11.0.12+7-b1504.28-7817840)
# Java VM: OpenJDK 64-Bit Server VM (11.0.12+7-b1504.28-7817840, mixed mode, tiered, compressed oops, g1 gc, windows-amd64)
Heap:
 garbage-first heap   total 293888K, used 169263K [0x0000000080000000, 0x0000000100000000)
  region size 1024K, 4 young (4096K), 4 survivors (4096K)
 Metaspace       used 109810K, capacity 112846K, committed 114188K, reserved 1146880K
  class space    used 14305K, capacity 15450K, committed 15988K, reserved 1048576K
GC Heap History (20 events):
Event: 19.951 GC heap after
{Heap after GC invocations=19 (full 0):
 garbage-first heap   total 187392K, used 78339K [0x0000000080000000, 0x0000000100000000)
  region size 1024K, 10 young (10240K), 10 survivors (10240K)
 Metaspace       used 90058K, capacity 92419K, committed 92536K, reserved 1128448K
  class space    used 11725K, capacity 12636K, committed 12664K, reserved 1048576K
}
Event: 21.687 GC heap before
{Heap before GC invocations=19 (full 0):
 garbage-first heap   total 187392K, used 147971K [0x0000000080000000, 0x0000000100000000)
  region size 1024K, 77 young (78848K), 10 survivors (10240K)
 Metaspace       used 95848K, capacity 98456K, committed 98680K, reserved 1134592K
  class space    used 12360K, capacity 13345K, committed 13432K, reserved 1048576K
}
Event: 21.700 GC heap after
{Heap after GC invocations=20 (full 0):
 garbage-first heap   total 187392K, used 81226K [0x0000000080000000, 0x0000000100000000)
  region size 1024K, 3 young (3072K), 3 survivors (3072K)
 Metaspace       used 95848K, capacity 98456K, committed 98680K, reserved 1134592K
  class space    used 12360K, capacity 13345K, committed 13432K, reserved 1048576K
}
Event: 22.149 GC heap before
{Heap before GC invocations=20 (full 0):
 garbage-first heap   total 187392K, used 147786K [0x0000000080000000, 0x0000000100000000)
  region size 1024K, 65 young (66560K), 3 survivors (3072K)
 Metaspace       used 97586K, capacity 100305K, committed 100468K, reserved 1136640K
  class space    used 12565K, capacity 13556K, committed 13684K, reserved 1048576K
}
Event: 22.160 GC heap after
{Heap after GC invocations=21 (full 0):
 garbage-first heap   total 187392K, used 87116K [0x0000000080000000, 0x0000000100000000)
  region size 1024K, 6 young (6144K), 6 survivors (6144K)
 Metaspace       used 97586K, capacity 100305K, committed 100468K, reserved 1136640K
  class space    used 12565K, capacity 13556K, committed 13684K, reserved 1048576K
}
Event: 22.587 GC heap before
{Heap before GC invocations=22 (full 0):
 garbage-first heap   total 187392K, used 128076K [0x0000000080000000, 0x0000000100000000)
  region size 1024K, 45 young (46080K), 6 survivors (6144K)
 Metaspace       used 100234K, capacity 102894K, committed 103436K, reserved 1138688K
  class space    used 12872K, capacity 13813K, committed 13940K, reserved 1048576K
}
Event: 22.612 GC heap after
{Heap after GC invocations=23 (full 0):
 garbage-first heap   total 187392K, used 96689K [0x0000000080000000, 0x0000000100000000)
  region size 1024K, 9 young (9216K), 9 survivors (9216K)
 Metaspace       used 100234K, capacity 102894K, committed 103436K, reserved 1138688K
  class space    used 12872K, capacity 13813K, committed 13940K, reserved 1048576K
}
Event: 22.916 GC heap before
{Heap before GC invocations=24 (full 0):
 garbage-first heap   total 187392K, used 164273K [0x0000000080000000, 0x0000000100000000)
  region size 1024K, 63 young (64512K), 9 survivors (9216K)
 Metaspace       used 103404K, capacity 106239K, committed 106508K, reserved 1140736K
  class space    used 13328K, capacity 14386K, committed 14452K, reserved 1048576K
}
Event: 22.937 GC heap after
{Heap after GC invocations=25 (full 0):
 garbage-first heap   total 187392K, used 114060K [0x0000000080000000, 0x0000000100000000)
  region size 1024K, 8 young (8192K), 8 survivors (8192K)
 Metaspace       used 103404K, capacity 106239K, committed 106508K, reserved 1140736K
  class space    used 13328K, capacity 14386K, committed 14452K, reserved 1048576K
}
Event: 23.135 GC heap before
{Heap before GC invocations=25 (full 0):
 garbage-first heap   total 187392K, used 150924K [0x0000000080000000, 0x0000000100000000)
  region size 1024K, 45 young (46080K), 8 survivors (8192K)
 Metaspace       used 105946K, capacity 109157K, committed 109324K, reserved 1142784K
  class space    used 13856K, capacity 15136K, committed 15220K, reserved 1048576K
}
Event: 23.167 GC heap after
{Heap after GC invocations=26 (full 0):
 garbage-first heap   total 187392K, used 123066K [0x0000000080000000, 0x0000000100000000)
  region size 1024K, 6 young (6144K), 6 survivors (6144K)
 Metaspace       used 105946K, capacity 109157K, committed 109324K, reserved 1142784K
  class space    used 13856K, capacity 15136K, committed 15220K, reserved 1048576K
}
Event: 23.627 GC heap before
{Heap before GC invocations=27 (full 0):
 garbage-first heap   total 187392K, used 153786K [0x0000000080000000, 0x0000000100000000)
  region size 1024K, 36 young (36864K), 6 survivors (6144K)
 Metaspace       used 109222K, capacity 112630K, committed 112780K, reserved 1146880K
  class space    used 14457K, capacity 15788K, committed 15860K, reserved 1048576K
}
Event: 23.652 GC heap after
{Heap after GC invocations=28 (full 0):
 garbage-first heap   total 225280K, used 129594K [0x0000000080000000, 0x0000000100000000)
  region size 1024K, 5 young (5120K), 5 survivors (5120K)
 Metaspace       used 109222K, capacity 112630K, committed 112780K, reserved 1146880K
  class space    used 14457K, capacity 15788K, committed 15860K, reserved 1048576K
}
Event: 23.708 GC heap before
{Heap before GC invocations=28 (full 0):
 garbage-first heap   total 225280K, used 135738K [0x0000000080000000, 0x0000000100000000)
  region size 1024K, 11 young (11264K), 5 survivors (5120K)
 Metaspace       used 109357K, capacity 112724K, committed 113036K, reserved 1146880K
  class space    used 14473K, capacity 15798K, committed 15860K, reserved 1048576K
}
Event: 23.721 GC heap after
{Heap after GC invocations=29 (full 0):
 garbage-first heap   total 225280K, used 131607K [0x0000000080000000, 0x0000000100000000)
  region size 1024K, 2 young (2048K), 2 survivors (2048K)
 Metaspace       used 109357K, capacity 112724K, committed 113036K, reserved 1146880K
  class space    used 14473K, capacity 15798K, committed 15860K, reserved 1048576K
}
Event: 24.028 GC heap before
{Heap before GC invocations=29 (full 0):
 garbage-first heap   total 225280K, used 171543K [0x0000000080000000, 0x0000000100000000)
  region size 1024K, 42 young (43008K), 2 survivors (2048K)
 Metaspace       used 110300K, capacity 113791K, committed 113932K, reserved 1146880K
  class space    used 14594K, capacity 15982K, committed 15988K, reserved 1048576K
}
Event: 24.060 GC heap after
{Heap after GC invocations=30 (full 0):
 garbage-first heap   total 225280K, used 145363K [0x0000000080000000, 0x0000000100000000)
  region size 1024K, 6 young (6144K), 6 survivors (6144K)
 Metaspace       used 110300K, capacity 113791K, committed 113932K, reserved 1146880K
  class space    used 14594K, capacity 15982K, committed 15988K, reserved 1048576K
}
Event: 24.339 GC heap before
{Heap before GC invocations=30 (full 0):
 garbage-first heap   total 225280K, used 178131K [0x0000000080000000, 0x0000000100000000)
  region size 1024K, 39 young (39936K), 6 survivors (6144K)
 Metaspace       used 110437K, capacity 113936K, committed 114188K, reserved 1146880K
  class space    used 14599K, capacity 15985K, committed 15988K, reserved 1048576K
}
Event: 24.372 GC heap after
{Heap after GC invocations=31 (full 0):
 garbage-first heap   total 225280K, used 158918K [0x0000000080000000, 0x0000000100000000)
  region size 1024K, 5 young (5120K), 5 survivors (5120K)
 Metaspace       used 110437K, capacity 113936K, committed 114188K, reserved 1146880K
  class space    used 14599K, capacity 15985K, committed 15988K, reserved 1048576K
}
Event: 24.592 GC heap before
{Heap before GC invocations=31 (full 0):
 garbage-first heap   total 225280K, used 183494K [0x0000000080000000, 0x0000000100000000)
  region size 1024K, 29 young (29696K), 5 survivors (5120K)
 Metaspace       used 109810K, capacity 112846K, committed 114188K, reserved 1146880K
  class space    used 14305K, capacity 15450K, committed 15988K, reserved 1048576K
}

