# JRE version: OpenJDK Runtime Environment (11.0.12+7) (build 11.0.12+7-b1504.28-7817840)
# Java VM: OpenJDK 64-Bit Server VM (11.0.12+7-b1504.28-7817840, mixed mode, tiered, compressed oops, g1 gc, windows-amd64)
Heap:
 garbage-first heap   total 232448K, used 128631K [0x0000000080000000, 0x0000000100000000)
  region size 1024K, 2 young (2048K), 2 survivors (2048K)
 Metaspace       used 121640K, capacity 124489K, committed 125388K, reserved 1159168K
  class space    used 15065K, capacity 16084K, committed 16384K, reserved 1048576K
GC Heap History (20 events):
Event: 2724.057 GC heap after
{Heap after GC invocations=51 (full 0):
 garbage-first heap   total 187392K, used 122992K [0x0000000080000000, 0x0000000100000000)
  region size 1024K, 1 young (1024K), 1 survivors (1024K)
 Metaspace       used 115492K, capacity 118156K, committed 119372K, reserved 1153024K
  class space    used 14376K, capacity 15377K, committed 15744K, reserved 1048576K
}
Event: 2724.238 GC heap before
{Heap before GC invocations=51 (full 0):
 garbage-first heap   total 187392K, used 130160K [0x0000000080000000, 0x0000000100000000)
  region size 1024K, 9 young (9216K), 1 survivors (1024K)
 Metaspace       used 115582K, capacity 118382K, committed 119628K, reserved 1153024K
  class space    used 14386K, capacity 15383K, committed 15744K, reserved 1048576K
}
Event: 2724.272 GC heap after
{Heap after GC invocations=52 (full 0):
 garbage-first heap   total 187392K, used 119557K [0x0000000080000000, 0x0000000100000000)
  region size 1024K, 1 young (1024K), 1 survivors (1024K)
 Metaspace       used 115582K, capacity 118382K, committed 119628K, reserved 1153024K
  class space    used 14386K, capacity 15383K, committed 15744K, reserved 1048576K
}
Event: 2724.413 GC heap before
{Heap before GC invocations=52 (full 0):
 garbage-first heap   total 187392K, used 127749K [0x0000000080000000, 0x0000000100000000)
  region size 1024K, 11 young (11264K), 1 survivors (1024K)
 Metaspace       used 115854K, capacity 118634K, committed 119628K, reserved 1153024K
  class space    used 14422K, capacity 15422K, committed 15744K, reserved 1048576K
}
Event: 2724.419 GC heap after
{Heap after GC invocations=53 (full 0):
 garbage-first heap   total 187392K, used 120102K [0x0000000080000000, 0x0000000100000000)
  region size 1024K, 2 young (2048K), 2 survivors (2048K)
 Metaspace       used 115854K, capacity 118634K, committed 119628K, reserved 1153024K
  class space    used 14422K, capacity 15422K, committed 15744K, reserved 1048576K
}
Event: 2724.879 GC heap before
{Heap before GC invocations=54 (full 0):
 garbage-first heap   total 187392K, used 147750K [0x0000000080000000, 0x0000000100000000)
  region size 1024K, 27 young (27648K), 2 survivors (2048K)
 Metaspace       used 116849K, capacity 119578K, committed 120524K, reserved 1155072K
  class space    used 14533K, capacity 15569K, committed 15872K, reserved 1048576K
}
Event: 2724.904 GC heap after
{Heap after GC invocations=55 (full 0):
 garbage-first heap   total 187392K, used 133314K [0x0000000080000000, 0x0000000100000000)
  region size 1024K, 4 young (4096K), 4 survivors (4096K)
 Metaspace       used 116849K, capacity 119578K, committed 120524K, reserved 1155072K
  class space    used 14533K, capacity 15569K, committed 15872K, reserved 1048576K
}
Event: 2724.940 GC heap before
{Heap before GC invocations=55 (full 0):
 garbage-first heap   total 187392K, used 138434K [0x0000000080000000, 0x0000000100000000)
  region size 1024K, 9 young (9216K), 4 survivors (4096K)
 Metaspace       used 116907K, capacity 119642K, committed 120780K, reserved 1155072K
  class space    used 14540K, capacity 15569K, committed 15872K, reserved 1048576K
}
Event: 2724.952 GC heap after
{Heap after GC invocations=56 (full 0):
 garbage-first heap   total 187392K, used 135877K [0x0000000080000000, 0x0000000100000000)
  region size 1024K, 2 young (2048K), 2 survivors (2048K)
 Metaspace       used 116907K, capacity 119642K, committed 120780K, reserved 1155072K
  class space    used 14540K, capacity 15569K, committed 15872K, reserved 1048576K
}
Event: 2725.282 GC heap before
{Heap before GC invocations=56 (full 0):
 garbage-first heap   total 187392K, used 148165K [0x0000000080000000, 0x0000000100000000)
  region size 1024K, 16 young (16384K), 2 survivors (2048K)
 Metaspace       used 117076K, capacity 119838K, committed 120780K, reserved 1155072K
  class space    used 14548K, capacity 15570K, committed 15872K, reserved 1048576K
}
Event: 2725.302 GC heap after
{Heap after GC invocations=57 (full 0):
 garbage-first heap   total 187392K, used 142248K [0x0000000080000000, 0x0000000100000000)
  region size 1024K, 3 young (3072K), 3 survivors (3072K)
 Metaspace       used 117076K, capacity 119838K, committed 120780K, reserved 1155072K
  class space    used 14548K, capacity 15570K, committed 15872K, reserved 1048576K
}
Event: 2725.816 GC heap before
{Heap before GC invocations=58 (full 0):
 garbage-first heap   total 187392K, used 167848K [0x0000000080000000, 0x0000000100000000)
  region size 1024K, 14 young (14336K), 3 survivors (3072K)
 Metaspace       used 118029K, capacity 120841K, committed 121932K, reserved 1155072K
  class space    used 14644K, capacity 15682K, committed 16000K, reserved 1048576K
}
Event: 2725.835 GC heap after
{Heap after GC invocations=59 (full 0):
 garbage-first heap   total 187392K, used 142980K [0x0000000080000000, 0x0000000100000000)
  region size 1024K, 1 young (1024K), 1 survivors (1024K)
 Metaspace       used 118029K, capacity 120841K, committed 121932K, reserved 1155072K
  class space    used 14644K, capacity 15682K, committed 16000K, reserved 1048576K
}
Event: 2726.025 GC heap before
{Heap before GC invocations=59 (full 0):
 garbage-first heap   total 187392K, used 150148K [0x0000000080000000, 0x0000000100000000)
  region size 1024K, 9 young (9216K), 1 survivors (1024K)
 Metaspace       used 119163K, capacity 121995K, committed 123084K, reserved 1157120K
  class space    used 14772K, capacity 15811K, committed 16128K, reserved 1048576K
}
Event: 2726.045 GC heap after
{Heap after GC invocations=60 (full 0):
 garbage-first heap   total 187392K, used 140720K [0x0000000080000000, 0x0000000100000000)
  region size 1024K, 1 young (1024K), 1 survivors (1024K)
 Metaspace       used 119163K, capacity 121995K, committed 123084K, reserved 1157120K
  class space    used 14772K, capacity 15811K, committed 16128K, reserved 1048576K
}
Event: 2726.321 GC heap before
{Heap before GC invocations=60 (full 0):
 garbage-first heap   total 187392K, used 153008K [0x0000000080000000, 0x0000000100000000)
  region size 1024K, 14 young (14336K), 1 survivors (1024K)
 Metaspace       used 120352K, capacity 123145K, committed 124236K, reserved 1157120K
  class space    used 14892K, capacity 15915K, committed 16256K, reserved 1048576K
}
Event: 2726.331 GC heap after
{Heap after GC invocations=61 (full 0):
 garbage-first heap   total 187392K, used 141143K [0x0000000080000000, 0x0000000100000000)
  region size 1024K, 2 young (2048K), 2 survivors (2048K)
 Metaspace       used 120352K, capacity 123145K, committed 124236K, reserved 1157120K
  class space    used 14892K, capacity 15915K, committed 16256K, reserved 1048576K
}
Event: 2726.659 GC heap before
{Heap before GC invocations=62 (full 0):
 garbage-first heap   total 187392K, used 154455K [0x0000000080000000, 0x0000000100000000)
  region size 1024K, 15 young (15360K), 2 survivors (2048K)
 Metaspace       used 121174K, capacity 124041K, committed 125004K, reserved 1159168K
  class space    used 14999K, capacity 16020K, committed 16256K, reserved 1048576K
}
Event: 2726.664 GC heap after
{Heap after GC invocations=63 (full 0):
 garbage-first heap   total 187392K, used 141314K [0x0000000080000000, 0x0000000100000000)
  region size 1024K, 1 young (1024K), 1 survivors (1024K)
 Metaspace       used 121174K, capacity 124041K, committed 125004K, reserved 1159168K
  class space    used 14999K, capacity 16020K, committed 16256K, reserved 1048576K
}
Event: 2726.788 GC heap before
{Heap before GC invocations=63 (full 0):
 garbage-first heap   total 187392K, used 149506K [0x0000000080000000, 0x0000000100000000)
  region size 1024K, 9 young (9216K), 1 survivors (1024K)
 Metaspace       used 121640K, capacity 124489K, committed 125388K, reserved 1159168K
  class space    used 15065K, capacity 16084K, committed 16384K, reserved 1048576K
}

