# JRE version: OpenJDK Runtime Environment (11.0.12+7) (build 11.0.12+7-b1504.28-7817840)
# Java VM: OpenJDK 64-Bit Server VM (11.0.12+7-b1504.28-7817840, mixed mode, tiered, compressed oops, g1 gc, windows-amd64)
Heap:
 garbage-first heap   total 473088K, used 185273K [0x0000000080000000, 0x0000000100000000)
  region size 1024K, 6 young (6144K), 6 survivors (6144K)
 Metaspace       used 112472K, capacity 115788K, committed 115960K, reserved 1148928K
  class space    used 14531K, capacity 15763K, committed 15872K, reserved 1048576K
GC Heap History (20 events):
Event: 20.322 GC heap after
{Heap after GC invocations=26 (full 0):
 garbage-first heap   total 225280K, used 110506K [0x0000000080000000, 0x0000000100000000)
  region size 1024K, 5 young (5120K), 5 survivors (5120K)
 Metaspace       used 101430K, capacity 104083K, committed 104312K, reserved 1140736K
  class space    used 12953K, capacity 13929K, committed 13952K, reserved 1048576K
}
Event: 20.838 GC heap before
{Heap before GC invocations=27 (full 0):
 garbage-first heap   total 225280K, used 183210K [0x0000000080000000, 0x0000000100000000)
  region size 1024K, 66 young (67584K), 5 survivors (5120K)
 Metaspace       used 104227K, capacity 106949K, committed 107128K, reserved 1142784K
  class space    used 13357K, capacity 14374K, committed 14464K, reserved 1048576K
}
Event: 20.861 GC heap after
{Heap after GC invocations=28 (full 0):
 garbage-first heap   total 225280K, used 129470K [0x0000000080000000, 0x0000000100000000)
  region size 1024K, 9 young (9216K), 9 survivors (9216K)
 Metaspace       used 104227K, capacity 106949K, committed 107128K, reserved 1142784K
  class space    used 13357K, capacity 14374K, committed 14464K, reserved 1048576K
}
Event: 20.868 GC heap before
{Heap before GC invocations=28 (full 0):
 garbage-first heap   total 225280K, used 130494K [0x0000000080000000, 0x0000000100000000)
  region size 1024K, 11 young (11264K), 9 survivors (9216K)
 Metaspace       used 104280K, capacity 107013K, committed 107128K, reserved 1142784K
  class space    used 13362K, capacity 14374K, committed 14464K, reserved 1048576K
}
Event: 20.881 GC heap after
{Heap after GC invocations=29 (full 0):
 garbage-first heap   total 225280K, used 128716K [0x0000000080000000, 0x0000000100000000)
  region size 1024K, 1 young (1024K), 1 survivors (1024K)
 Metaspace       used 104280K, capacity 107013K, committed 107128K, reserved 1142784K
  class space    used 13362K, capacity 14374K, committed 14464K, reserved 1048576K
}
Event: 21.035 GC heap before
{Heap before GC invocations=29 (full 0):
 garbage-first heap   total 225280K, used 154316K [0x0000000080000000, 0x0000000100000000)
  region size 1024K, 28 young (28672K), 1 survivors (1024K)
 Metaspace       used 105835K, capacity 108786K, committed 109048K, reserved 1142784K
  class space    used 13652K, capacity 14812K, committed 14848K, reserved 1048576K
}
Event: 21.051 GC heap after
{Heap after GC invocations=30 (full 0):
 garbage-first heap   total 225280K, used 133433K [0x0000000080000000, 0x0000000100000000)
  region size 1024K, 6 young (6144K), 6 survivors (6144K)
 Metaspace       used 105835K, capacity 108786K, committed 109048K, reserved 1142784K
  class space    used 13652K, capacity 14812K, committed 14848K, reserved 1048576K
}
Event: 22.006 GC heap before
{Heap before GC invocations=31 (full 0):
 garbage-first heap   total 225280K, used 178489K [0x0000000080000000, 0x0000000100000000)
  region size 1024K, 49 young (50176K), 6 survivors (6144K)
 Metaspace       used 109678K, capacity 112763K, committed 113016K, reserved 1146880K
  class space    used 14306K, capacity 15476K, committed 15488K, reserved 1048576K
}
Event: 22.045 GC heap after
{Heap after GC invocations=32 (full 0):
 garbage-first heap   total 225280K, used 146325K [0x0000000080000000, 0x0000000100000000)
  region size 1024K, 7 young (7168K), 7 survivors (7168K)
 Metaspace       used 109678K, capacity 112763K, committed 113016K, reserved 1146880K
  class space    used 14306K, capacity 15476K, committed 15488K, reserved 1048576K
}
Event: 22.092 GC heap before
{Heap before GC invocations=32 (full 0):
 garbage-first heap   total 225280K, used 150421K [0x0000000080000000, 0x0000000100000000)
  region size 1024K, 11 young (11264K), 7 survivors (7168K)
 Metaspace       used 109746K, capacity 112770K, committed 113016K, reserved 1146880K
  class space    used 14306K, capacity 15476K, committed 15488K, reserved 1048576K
}
Event: 22.114 GC heap after
{Heap after GC invocations=33 (full 0):
 garbage-first heap   total 225280K, used 147843K [0x0000000080000000, 0x0000000100000000)
  region size 1024K, 2 young (2048K), 2 survivors (2048K)
 Metaspace       used 109746K, capacity 112770K, committed 113016K, reserved 1146880K
  class space    used 14306K, capacity 15476K, committed 15488K, reserved 1048576K
}
Event: 22.308 GC heap before
{Heap before GC invocations=33 (full 0):
 garbage-first heap   total 225280K, used 180611K [0x0000000080000000, 0x0000000100000000)
  region size 1024K, 34 young (34816K), 2 survivors (2048K)
 Metaspace       used 109998K, capacity 113048K, committed 113144K, reserved 1146880K
  class space    used 14338K, capacity 15525K, committed 15616K, reserved 1048576K
}
Event: 22.333 GC heap after
{Heap after GC invocations=34 (full 0):
 garbage-first heap   total 291840K, used 161665K [0x0000000080000000, 0x0000000100000000)
  region size 1024K, 5 young (5120K), 5 survivors (5120K)
 Metaspace       used 109998K, capacity 113048K, committed 113144K, reserved 1146880K
  class space    used 14338K, capacity 15525K, committed 15616K, reserved 1048576K
}
Event: 22.883 GC heap before
{Heap before GC invocations=35 (full 0):
 garbage-first heap   total 291840K, used 212865K [0x0000000080000000, 0x0000000100000000)
  region size 1024K, 56 young (57344K), 5 survivors (5120K)
 Metaspace       used 110241K, capacity 113067K, committed 113912K, reserved 1146880K
  class space    used 14234K, capacity 15300K, committed 15616K, reserved 1048576K
}
Event: 22.920 GC heap after
{Heap after GC invocations=36 (full 0):
 garbage-first heap   total 291840K, used 178081K [0x0000000080000000, 0x0000000100000000)
  region size 1024K, 7 young (7168K), 7 survivors (7168K)
 Metaspace       used 110241K, capacity 113067K, committed 113912K, reserved 1146880K
  class space    used 14234K, capacity 15300K, committed 15616K, reserved 1048576K
}
Event: 22.962 GC heap before
{Heap before GC invocations=36 (full 0):
 garbage-first heap   total 291840K, used 185249K [0x0000000080000000, 0x0000000100000000)
  region size 1024K, 14 young (14336K), 7 survivors (7168K)
 Metaspace       used 110366K, capacity 113237K, committed 113912K, reserved 1146880K
  class space    used 14241K, capacity 15335K, committed 15616K, reserved 1048576K
}
Event: 22.978 GC heap after
{Heap after GC invocations=37 (full 0):
 garbage-first heap   total 291840K, used 177390K [0x0000000080000000, 0x0000000100000000)
  region size 1024K, 2 young (2048K), 2 survivors (2048K)
 Metaspace       used 110366K, capacity 113237K, committed 113912K, reserved 1146880K
  class space    used 14241K, capacity 15335K, committed 15616K, reserved 1048576K
}
Event: 23.418 GC heap before
{Heap before GC invocations=37 (full 0):
 garbage-first heap   total 291840K, used 223470K [0x0000000080000000, 0x0000000100000000)
  region size 1024K, 49 young (50176K), 2 survivors (2048K)
 Metaspace       used 112217K, capacity 115517K, committed 115576K, reserved 1148928K
  class space    used 14518K, capacity 15743K, committed 15744K, reserved 1048576K
}
Event: 23.437 GC heap after
{Heap after GC invocations=38 (full 0):
 garbage-first heap   total 291840K, used 181825K [0x0000000080000000, 0x0000000100000000)
  region size 1024K, 6 young (6144K), 6 survivors (6144K)
 Metaspace       used 112217K, capacity 115517K, committed 115576K, reserved 1148928K
  class space    used 14518K, capacity 15743K, committed 15744K, reserved 1048576K
}
Event: 23.692 GC heap before
{Heap before GC invocations=38 (full 0):
 garbage-first heap   total 291840K, used 226881K [0x0000000080000000, 0x0000000100000000)
  region size 1024K, 51 young (52224K), 6 survivors (6144K)
 Metaspace       used 112472K, capacity 115788K, committed 115960K, reserved 1148928K
  class space    used 14531K, capacity 15763K, committed 15872K, reserved 1048576K
}

