# JRE version: OpenJDK Runtime Environment (11.0.12+7) (build 11.0.12+7-b1504.28-7817840)
# Java VM: OpenJDK 64-Bit Server VM (11.0.12+7-b1504.28-7817840, mixed mode, tiered, compressed oops, g1 gc, windows-amd64)
Heap:
 garbage-first heap   total 677888K, used 281128K [0x0000000080000000, 0x0000000100000000)
  region size 1024K, 6 young (6144K), 6 survivors (6144K)
 Metaspace       used 143808K, capacity 147694K, committed 147788K, reserved 1177600K
  class space    used 17798K, capacity 19245K, committed 19328K, reserved 1048576K
GC Heap History (20 events):
Event: 1733.193 GC heap after
{Heap after GC invocations=58 (full 0):
 garbage-first heap   total 225280K, used 177955K [0x0000000080000000, 0x0000000100000000)
  region size 1024K, 3 young (3072K), 3 survivors (3072K)
 Metaspace       used 118254K, capacity 121333K, committed 121420K, reserved 1155072K
  class space    used 14800K, capacity 15923K, committed 16000K, reserved 1048576K
}
Event: 1733.317 GC heap before
{Heap before GC invocations=58 (full 0):
 garbage-first heap   total 225280K, used 196387K [0x0000000080000000, 0x0000000100000000)
  region size 1024K, 16 young (16384K), 3 survivors (3072K)
 Metaspace       used 118582K, capacity 121620K, committed 121676K, reserved 1155072K
  class space    used 14822K, capacity 15966K, committed 16000K, reserved 1048576K
}
Event: 1733.324 GC heap after
{Heap after GC invocations=59 (full 0):
 garbage-first heap   total 343040K, used 176523K [0x0000000080000000, 0x0000000100000000)
  region size 1024K, 2 young (2048K), 2 survivors (2048K)
 Metaspace       used 118582K, capacity 121620K, committed 121676K, reserved 1155072K
  class space    used 14822K, capacity 15966K, committed 16000K, reserved 1048576K
}
Event: 1733.617 GC heap before
{Heap before GC invocations=60 (full 0):
 garbage-first heap   total 343040K, used 202123K [0x0000000080000000, 0x0000000100000000)
  region size 1024K, 27 young (27648K), 2 survivors (2048K)
 Metaspace       used 120757K, capacity 123957K, committed 124236K, reserved 1157120K
  class space    used 14990K, capacity 16160K, committed 16256K, reserved 1048576K
}
Event: 1733.625 GC heap after
{Heap after GC invocations=61 (full 0):
 garbage-first heap   total 343040K, used 181227K [0x0000000080000000, 0x0000000100000000)
  region size 1024K, 4 young (4096K), 4 survivors (4096K)
 Metaspace       used 120757K, capacity 123957K, committed 124236K, reserved 1157120K
  class space    used 14990K, capacity 16160K, committed 16256K, reserved 1048576K
}
Event: 1733.936 GC heap before
{Heap before GC invocations=61 (full 0):
 garbage-first heap   total 343040K, used 216043K [0x0000000080000000, 0x0000000100000000)
  region size 1024K, 38 young (38912K), 4 survivors (4096K)
 Metaspace       used 121963K, capacity 125109K, committed 125260K, reserved 1159168K
  class space    used 15072K, capacity 16224K, committed 16256K, reserved 1048576K
}
Event: 1733.944 GC heap after
{Heap after GC invocations=62 (full 0):
 garbage-first heap   total 343040K, used 184222K [0x0000000080000000, 0x0000000100000000)
  region size 1024K, 5 young (5120K), 5 survivors (5120K)
 Metaspace       used 121963K, capacity 125109K, committed 125260K, reserved 1159168K
  class space    used 15072K, capacity 16224K, committed 16256K, reserved 1048576K
}
Event: 1734.350 GC heap before
{Heap before GC invocations=62 (full 0):
 garbage-first heap   total 343040K, used 229278K [0x0000000080000000, 0x0000000100000000)
  region size 1024K, 49 young (50176K), 5 survivors (5120K)
 Metaspace       used 122984K, capacity 126084K, committed 126412K, reserved 1159168K
  class space    used 15140K, capacity 16293K, committed 16384K, reserved 1048576K
}
Event: 1734.358 GC heap after
{Heap after GC invocations=63 (full 0):
 garbage-first heap   total 343040K, used 183983K [0x0000000080000000, 0x0000000100000000)
  region size 1024K, 4 young (4096K), 4 survivors (4096K)
 Metaspace       used 122984K, capacity 126084K, committed 126412K, reserved 1159168K
  class space    used 15140K, capacity 16293K, committed 16384K, reserved 1048576K
}
Event: 1735.030 GC heap before
{Heap before GC invocations=63 (full 0):
 garbage-first heap   total 343040K, used 238255K [0x0000000080000000, 0x0000000100000000)
  region size 1024K, 58 young (59392K), 4 survivors (4096K)
 Metaspace       used 124613K, capacity 127771K, committed 127820K, reserved 1161216K
  class space    used 15325K, capacity 16482K, committed 16512K, reserved 1048576K
}
Event: 1735.041 GC heap after
{Heap after GC invocations=64 (full 0):
 garbage-first heap   total 451584K, used 185877K [0x0000000080000000, 0x0000000100000000)
  region size 1024K, 6 young (6144K), 6 survivors (6144K)
 Metaspace       used 124613K, capacity 127771K, committed 127820K, reserved 1161216K
  class space    used 15325K, capacity 16482K, committed 16512K, reserved 1048576K
}
Event: 1736.461 GC heap before
{Heap before GC invocations=64 (full 0):
 garbage-first heap   total 451584K, used 260629K [0x0000000080000000, 0x0000000100000000)
  region size 1024K, 80 young (81920K), 6 survivors (6144K)
 Metaspace       used 126921K, capacity 130072K, committed 130124K, reserved 1163264K
  class space    used 15612K, capacity 16760K, committed 16768K, reserved 1048576K
}
Event: 1736.475 GC heap after
{Heap after GC invocations=65 (full 0):
 garbage-first heap   total 451584K, used 189992K [0x0000000080000000, 0x0000000100000000)
  region size 1024K, 8 young (8192K), 8 survivors (8192K)
 Metaspace       used 126921K, capacity 130072K, committed 130124K, reserved 1163264K
  class space    used 15612K, capacity 16760K, committed 16768K, reserved 1048576K
}
Event: 1738.797 GC heap before
{Heap before GC invocations=65 (full 0):
 garbage-first heap   total 451584K, used 328232K [0x0000000080000000, 0x0000000100000000)
  region size 1024K, 144 young (147456K), 8 survivors (8192K)
 Metaspace       used 139751K, capacity 143189K, committed 143564K, reserved 1173504K
  class space    used 17297K, capacity 18561K, committed 18688K, reserved 1048576K
}
Event: 1738.815 GC heap after
{Heap after GC invocations=66 (full 0):
 garbage-first heap   total 451584K, used 194886K [0x0000000080000000, 0x0000000100000000)
  region size 1024K, 13 young (13312K), 13 survivors (13312K)
 Metaspace       used 139751K, capacity 143189K, committed 143564K, reserved 1173504K
  class space    used 17297K, capacity 18561K, committed 18688K, reserved 1048576K
}
Event: 1740.383 GC heap before
{Heap before GC invocations=66 (full 0):
 garbage-first heap   total 451584K, used 356678K [0x0000000080000000, 0x0000000100000000)
  region size 1024K, 152 young (155648K), 13 survivors (13312K)
 Metaspace       used 142777K, capacity 146427K, committed 146636K, reserved 1177600K
  class space    used 17693K, capacity 19077K, committed 19200K, reserved 1048576K
}
Event: 1740.496 GC heap after
{Heap after GC invocations=67 (full 0):
 garbage-first heap   total 451584K, used 260452K [0x0000000080000000, 0x0000000100000000)
  region size 1024K, 19 young (19456K), 19 survivors (19456K)
 Metaspace       used 142777K, capacity 146427K, committed 146636K, reserved 1177600K
  class space    used 17693K, capacity 19077K, committed 19200K, reserved 1048576K
}
Event: 1740.818 GC heap before
{Heap before GC invocations=67 (full 0):
 garbage-first heap   total 451584K, used 307556K [0x0000000080000000, 0x0000000100000000)
  region size 1024K, 65 young (66560K), 19 survivors (19456K)
 Metaspace       used 143227K, capacity 147010K, committed 147148K, reserved 1177600K
  class space    used 17749K, capacity 19178K, committed 19200K, reserved 1048576K
}
Event: 1740.911 GC heap after
{Heap after GC invocations=68 (full 0):
 garbage-first heap   total 451584K, used 273919K [0x0000000080000000, 0x0000000100000000)
  region size 1024K, 9 young (9216K), 9 survivors (9216K)
 Metaspace       used 143227K, capacity 147010K, committed 147148K, reserved 1177600K
  class space    used 17749K, capacity 19178K, committed 19200K, reserved 1048576K
}
Event: 1741.239 GC heap before
{Heap before GC invocations=68 (full 0):
 garbage-first heap   total 451584K, used 337407K [0x0000000080000000, 0x0000000100000000)
  region size 1024K, 72 young (73728K), 9 survivors (9216K)
 Metaspace       used 143808K, capacity 147694K, committed 147788K, reserved 1177600K
  class space    used 17798K, capacity 19245K, committed 19328K, reserved 1048576K
}

