# JRE version: OpenJDK Runtime Environment (11.0.12+7) (build 11.0.12+7-b1504.28-7817840)
# Java VM: OpenJDK 64-Bit Server VM (11.0.12+7-b1504.28-7817840, mixed mode, tiered, compressed oops, g1 gc, windows-amd64)
Heap:
 garbage-first heap   total 129024K, used 88238K [0x0000000080000000, 0x0000000100000000)
  region size 1024K, 35 young (35840K), 3 survivors (3072K)
 Metaspace       used 75175K, capacity 76861K, committed 77056K, reserved 1116160K
  class space    used 9788K, capacity 10444K, committed 10496K, reserved 1048576K
GC Heap History (20 events):
Event: 10.690 GC heap before
{Heap before GC invocations=5 (full 0):
 garbage-first heap   total 129024K, used 75845K [0x0000000080000000, 0x0000000100000000)
  region size 1024K, 60 young (61440K), 4 survivors (4096K)
 Metaspace       used 34934K, capacity 35786K, committed 35840K, reserved 1081344K
  class space    used 4531K, capacity 4839K, committed 4864K, reserved 1048576K
}
Event: 10.712 GC heap after
{Heap after GC invocations=6 (full 0):
 garbage-first heap   total 129024K, used 22524K [0x0000000080000000, 0x0000000100000000)
  region size 1024K, 6 young (6144K), 6 survivors (6144K)
 Metaspace       used 34934K, capacity 35786K, committed 35840K, reserved 1081344K
  class space    used 4531K, capacity 4839K, committed 4864K, reserved 1048576K
}
Event: 12.256 GC heap before
{Heap before GC invocations=7 (full 0):
 garbage-first heap   total 129024K, used 86012K [0x0000000080000000, 0x0000000100000000)
  region size 1024K, 66 young (67584K), 6 survivors (6144K)
 Metaspace       used 39847K, capacity 40778K, committed 41088K, reserved 1085440K
  class space    used 5104K, capacity 5433K, committed 5504K, reserved 1048576K
}
Event: 12.268 GC heap after
{Heap after GC invocations=8 (full 0):
 garbage-first heap   total 129024K, used 27991K [0x0000000080000000, 0x0000000100000000)
  region size 1024K, 9 young (9216K), 9 survivors (9216K)
 Metaspace       used 39847K, capacity 40778K, committed 41088K, reserved 1085440K
  class space    used 5104K, capacity 5433K, committed 5504K, reserved 1048576K
}
Event: 13.612 GC heap before
{Heap before GC invocations=8 (full 0):
 garbage-first heap   total 129024K, used 88407K [0x0000000080000000, 0x0000000100000000)
  region size 1024K, 67 young (68608K), 9 survivors (9216K)
 Metaspace       used 45317K, capacity 46340K, committed 46464K, reserved 1089536K
  class space    used 5830K, capacity 6234K, committed 6272K, reserved 1048576K
}
Event: 13.624 GC heap after
{Heap after GC invocations=9 (full 0):
 garbage-first heap   total 129024K, used 29868K [0x0000000080000000, 0x0000000100000000)
  region size 1024K, 3 young (3072K), 3 survivors (3072K)
 Metaspace       used 45317K, capacity 46340K, committed 46464K, reserved 1089536K
  class space    used 5830K, capacity 6234K, committed 6272K, reserved 1048576K
}
Event: 15.633 GC heap before
{Heap before GC invocations=9 (full 0):
 garbage-first heap   total 129024K, used 93356K [0x0000000080000000, 0x0000000100000000)
  region size 1024K, 63 young (64512K), 3 survivors (3072K)
 Metaspace       used 48479K, capacity 49678K, committed 49920K, reserved 1093632K
  class space    used 6206K, capacity 6637K, committed 6656K, reserved 1048576K
}
Event: 15.641 GC heap after
{Heap after GC invocations=10 (full 0):
 garbage-first heap   total 129024K, used 35689K [0x0000000080000000, 0x0000000100000000)
  region size 1024K, 7 young (7168K), 7 survivors (7168K)
 Metaspace       used 48479K, capacity 49678K, committed 49920K, reserved 1093632K
  class space    used 6206K, capacity 6637K, committed 6656K, reserved 1048576K
}
Event: 17.625 GC heap before
{Heap before GC invocations=10 (full 0):
 garbage-first heap   total 129024K, used 96105K [0x0000000080000000, 0x0000000100000000)
  region size 1024K, 65 young (66560K), 7 survivors (7168K)
 Metaspace       used 55066K, capacity 56464K, committed 56704K, reserved 1097728K
  class space    used 7054K, capacity 7544K, committed 7552K, reserved 1048576K
}
Event: 17.637 GC heap after
{Heap after GC invocations=11 (full 0):
 garbage-first heap   total 129024K, used 44494K [0x0000000080000000, 0x0000000100000000)
  region size 1024K, 9 young (9216K), 9 survivors (9216K)
 Metaspace       used 55066K, capacity 56464K, committed 56704K, reserved 1097728K
  class space    used 7054K, capacity 7544K, committed 7552K, reserved 1048576K
}
Event: 18.362 GC heap before
{Heap before GC invocations=11 (full 0):
 garbage-first heap   total 129024K, used 62926K [0x0000000080000000, 0x0000000100000000)
  region size 1024K, 28 young (28672K), 9 survivors (9216K)
 Metaspace       used 58380K, capacity 59793K, committed 59904K, reserved 1101824K
  class space    used 7371K, capacity 7883K, committed 7936K, reserved 1048576K
}
Event: 18.380 GC heap after
{Heap after GC invocations=12 (full 0):
 garbage-first heap   total 129024K, used 45345K [0x0000000080000000, 0x0000000100000000)
  region size 1024K, 2 young (2048K), 2 survivors (2048K)
 Metaspace       used 58380K, capacity 59793K, committed 59904K, reserved 1101824K
  class space    used 7371K, capacity 7883K, committed 7936K, reserved 1048576K
}
Event: 19.649 GC heap before
{Heap before GC invocations=13 (full 0):
 garbage-first heap   total 129024K, used 84257K [0x0000000080000000, 0x0000000100000000)
  region size 1024K, 41 young (41984K), 2 survivors (2048K)
 Metaspace       used 63162K, capacity 64658K, committed 64896K, reserved 1105920K
  class space    used 7989K, capacity 8564K, committed 8576K, reserved 1048576K
}
Event: 19.657 GC heap after
{Heap after GC invocations=14 (full 0):
 garbage-first heap   total 129024K, used 48557K [0x0000000080000000, 0x0000000100000000)
  region size 1024K, 5 young (5120K), 5 survivors (5120K)
 Metaspace       used 63162K, capacity 64658K, committed 64896K, reserved 1105920K
  class space    used 7989K, capacity 8564K, committed 8576K, reserved 1048576K
}
Event: 20.635 GC heap before
{Heap before GC invocations=14 (full 0):
 garbage-first heap   total 129024K, used 89517K [0x0000000080000000, 0x0000000100000000)
  region size 1024K, 44 young (45056K), 5 survivors (5120K)
 Metaspace       used 66330K, capacity 67885K, committed 67968K, reserved 1107968K
  class space    used 8409K, capacity 9009K, committed 9088K, reserved 1048576K
}
Event: 20.644 GC heap after
{Heap after GC invocations=15 (full 0):
 garbage-first heap   total 129024K, used 50880K [0x0000000080000000, 0x0000000100000000)
  region size 1024K, 3 young (3072K), 3 survivors (3072K)
 Metaspace       used 66330K, capacity 67885K, committed 67968K, reserved 1107968K
  class space    used 8409K, capacity 9009K, committed 9088K, reserved 1048576K
}
Event: 21.341 GC heap before
{Heap before GC invocations=15 (full 0):
 garbage-first heap   total 129024K, used 91840K [0x0000000080000000, 0x0000000100000000)
  region size 1024K, 43 young (44032K), 3 survivors (3072K)
 Metaspace       used 67632K, capacity 69223K, committed 69376K, reserved 1110016K
  class space    used 8570K, capacity 9177K, committed 9216K, reserved 1048576K
}
Event: 21.349 GC heap after
{Heap after GC invocations=16 (full 0):
 garbage-first heap   total 129024K, used 53976K [0x0000000080000000, 0x0000000100000000)
  region size 1024K, 6 young (6144K), 6 survivors (6144K)
 Metaspace       used 67632K, capacity 69223K, committed 69376K, reserved 1110016K
  class space    used 8570K, capacity 9177K, committed 9216K, reserved 1048576K
}
Event: 22.674 GC heap before
{Heap before GC invocations=16 (full 0):
 garbage-first heap   total 129024K, used 94936K [0x0000000080000000, 0x0000000100000000)
  region size 1024K, 46 young (47104K), 6 survivors (6144K)
 Metaspace       used 72368K, capacity 74019K, committed 74368K, reserved 1114112K
  class space    used 9370K, capacity 10000K, committed 10112K, reserved 1048576K
}
Event: 22.689 GC heap after
{Heap after GC invocations=17 (full 0):
 garbage-first heap   total 129024K, used 56494K [0x0000000080000000, 0x0000000100000000)
  region size 1024K, 3 young (3072K), 3 survivors (3072K)
 Metaspace       used 72368K, capacity 74019K, committed 74368K, reserved 1114112K
  class space    used 9370K, capacity 10000K, committed 10112K, reserved 1048576K
}

