# JRE version: OpenJDK Runtime Environment (11.0.12+7) (build 11.0.12+7-b1504.28-7817840)
# Java VM: OpenJDK 64-Bit Server VM (11.0.12+7-b1504.28-7817840, mixed mode, tiered, compressed oops, g1 gc, windows-amd64)
Heap:
 garbage-first heap   total 155648K, used 73266K [0x0000000080000000, 0x0000000100000000)
  region size 1024K, 4 young (4096K), 4 survivors (4096K)
 Metaspace       used 84653K, capacity 86768K, committed 86904K, reserved 1134592K
  class space    used 10976K, capacity 11801K, committed 11896K, reserved 1048576K
GC Heap History (20 events):
Event: 5.965 GC heap before
{Heap before GC invocations=7 (full 0):
 garbage-first heap   total 129024K, used 88830K [0x0000000080000000, 0x0000000100000000)
  region size 1024K, 70 young (71680K), 7 survivors (7168K)
 Metaspace       used 39857K, capacity 40843K, committed 41088K, reserved 1085440K
  class space    used 5108K, capacity 5434K, committed 5504K, reserved 1048576K
}
Event: 5.974 GC heap after
{Heap after GC invocations=8 (full 0):
 garbage-first heap   total 129024K, used 27763K [0x0000000080000000, 0x0000000100000000)
  region size 1024K, 9 young (9216K), 9 survivors (9216K)
 Metaspace       used 39857K, capacity 40843K, committed 41088K, reserved 1085440K
  class space    used 5108K, capacity 5434K, committed 5504K, reserved 1048576K
}
Event: 6.795 GC heap before
{Heap before GC invocations=8 (full 0):
 garbage-first heap   total 129024K, used 91251K [0x0000000080000000, 0x0000000100000000)
  region size 1024K, 70 young (71680K), 9 survivors (9216K)
 Metaspace       used 45617K, capacity 46666K, committed 46848K, reserved 1089536K
  class space    used 5875K, capacity 6280K, committed 6400K, reserved 1048576K
}
Event: 6.803 GC heap after
{Heap after GC invocations=9 (full 0):
 garbage-first heap   total 155648K, used 29919K [0x0000000080000000, 0x0000000100000000)
  region size 1024K, 3 young (3072K), 3 survivors (3072K)
 Metaspace       used 45617K, capacity 46666K, committed 46848K, reserved 1089536K
  class space    used 5875K, capacity 6280K, committed 6400K, reserved 1048576K
}
Event: 8.204 GC heap before
{Heap before GC invocations=9 (full 0):
 garbage-first heap   total 155648K, used 112863K [0x0000000080000000, 0x0000000100000000)
  region size 1024K, 81 young (82944K), 3 survivors (3072K)
 Metaspace       used 49231K, capacity 50443K, committed 50560K, reserved 1093632K
  class space    used 6308K, capacity 6775K, committed 6784K, reserved 1048576K
}
Event: 8.212 GC heap after
{Heap after GC invocations=10 (full 0):
 garbage-first heap   total 155648K, used 43162K [0x0000000080000000, 0x0000000100000000)
  region size 1024K, 11 young (11264K), 11 survivors (11264K)
 Metaspace       used 49231K, capacity 50443K, committed 50560K, reserved 1093632K
  class space    used 6308K, capacity 6775K, committed 6784K, reserved 1048576K
}
Event: 9.390 GC heap before
{Heap before GC invocations=10 (full 0):
 garbage-first heap   total 155648K, used 105626K [0x0000000080000000, 0x0000000100000000)
  region size 1024K, 73 young (74752K), 11 survivors (11264K)
 Metaspace       used 58393K, capacity 59830K, committed 59904K, reserved 1101824K
  class space    used 7379K, capacity 7894K, committed 7936K, reserved 1048576K
}
Event: 9.409 GC heap after
{Heap after GC invocations=11 (full 0):
 garbage-first heap   total 155648K, used 45920K [0x0000000080000000, 0x0000000100000000)
  region size 1024K, 3 young (3072K), 3 survivors (3072K)
 Metaspace       used 58393K, capacity 59830K, committed 59904K, reserved 1101824K
  class space    used 7379K, capacity 7894K, committed 7936K, reserved 1048576K
}
Event: 10.348 GC heap before
{Heap before GC invocations=12 (full 0):
 garbage-first heap   total 155648K, used 112480K [0x0000000080000000, 0x0000000100000000)
  region size 1024K, 69 young (70656K), 3 survivors (3072K)
 Metaspace       used 65303K, capacity 66847K, committed 67064K, reserved 1107968K
  class space    used 8282K, capacity 8842K, committed 8952K, reserved 1048576K
}
Event: 10.355 GC heap after
{Heap after GC invocations=13 (full 0):
 garbage-first heap   total 155648K, used 50739K [0x0000000080000000, 0x0000000100000000)
  region size 1024K, 8 young (8192K), 8 survivors (8192K)
 Metaspace       used 65303K, capacity 66847K, committed 67064K, reserved 1107968K
  class space    used 8282K, capacity 8842K, committed 8952K, reserved 1048576K
}
Event: 11.049 GC heap before
{Heap before GC invocations=13 (full 0):
 garbage-first heap   total 155648K, used 116275K [0x0000000080000000, 0x0000000100000000)
  region size 1024K, 72 young (73728K), 8 survivors (8192K)
 Metaspace       used 68793K, capacity 70458K, committed 70648K, reserved 1110016K
  class space    used 8750K, capacity 9374K, committed 9464K, reserved 1048576K
}
Event: 11.060 GC heap after
{Heap after GC invocations=14 (full 0):
 garbage-first heap   total 155648K, used 55470K [0x0000000080000000, 0x0000000100000000)
  region size 1024K, 5 young (5120K), 5 survivors (5120K)
 Metaspace       used 68793K, capacity 70458K, committed 70648K, reserved 1110016K
  class space    used 8750K, capacity 9374K, committed 9464K, reserved 1048576K
}
Event: 12.046 GC heap before
{Heap before GC invocations=14 (full 0):
 garbage-first heap   total 155648K, used 119982K [0x0000000080000000, 0x0000000100000000)
  region size 1024K, 68 young (69632K), 5 survivors (5120K)
 Metaspace       used 75553K, capacity 77218K, committed 77432K, reserved 1116160K
  class space    used 9848K, capacity 10478K, committed 10616K, reserved 1048576K
}
Event: 12.053 GC heap after
{Heap after GC invocations=15 (full 0):
 garbage-first heap   total 155648K, used 58660K [0x0000000080000000, 0x0000000100000000)
  region size 1024K, 8 young (8192K), 8 survivors (8192K)
 Metaspace       used 75553K, capacity 77218K, committed 77432K, reserved 1116160K
  class space    used 9848K, capacity 10478K, committed 10616K, reserved 1048576K
}
Event: 13.043 GC heap before
{Heap before GC invocations=15 (full 0):
 garbage-first heap   total 155648K, used 122148K [0x0000000080000000, 0x0000000100000000)
  region size 1024K, 70 young (71680K), 8 survivors (8192K)
 Metaspace       used 82186K, capacity 84035K, committed 84088K, reserved 1122304K
  class space    used 10655K, capacity 11354K, committed 11384K, reserved 1048576K
}
Event: 13.063 GC heap after
{Heap after GC invocations=16 (full 0):
 garbage-first heap   total 155648K, used 64683K [0x0000000080000000, 0x0000000100000000)
  region size 1024K, 9 young (9216K), 9 survivors (9216K)
 Metaspace       used 82186K, capacity 84035K, committed 84088K, reserved 1122304K
  class space    used 10655K, capacity 11354K, committed 11384K, reserved 1048576K
}
Event: 14.049 GC heap before
{Heap before GC invocations=16 (full 0):
 garbage-first heap   total 155648K, used 122027K [0x0000000080000000, 0x0000000100000000)
  region size 1024K, 66 young (67584K), 9 survivors (9216K)
 Metaspace       used 84121K, capacity 86180K, committed 86264K, reserved 1124352K
  class space    used 10932K, capacity 11711K, committed 11768K, reserved 1048576K
}
Event: 14.066 GC heap after
{Heap after GC invocations=17 (full 0):
 garbage-first heap   total 155648K, used 70128K [0x0000000080000000, 0x0000000100000000)
  region size 1024K, 5 young (5120K), 5 survivors (5120K)
 Metaspace       used 84121K, capacity 86180K, committed 86264K, reserved 1124352K
  class space    used 10932K, capacity 11711K, committed 11768K, reserved 1048576K
}
Event: 14.491 GC heap before
{Heap before GC invocations=17 (full 0):
 garbage-first heap   total 155648K, used 110064K [0x0000000080000000, 0x0000000100000000)
  region size 1024K, 46 young (47104K), 5 survivors (5120K)
 Metaspace       used 84653K, capacity 86768K, committed 86904K, reserved 1132544K
  class space    used 10976K, capacity 11801K, committed 11896K, reserved 1048576K
}
Event: 14.501 GC heap after
{Heap after GC invocations=18 (full 0):
 garbage-first heap   total 155648K, used 73266K [0x0000000080000000, 0x0000000100000000)
  region size 1024K, 4 young (4096K), 4 survivors (4096K)
 Metaspace       used 84653K, capacity 86768K, committed 86904K, reserved 1132544K
  class space    used 10976K, capacity 11801K, committed 11896K, reserved 1048576K
}

